/BATCH  
/COM,ANSYS RELEASE 2023 R1           BUILD 23.1      UP20221128       14:58:55
/input,menust,tmp,''
/GRA,POWER
/GST,ON
/PLO,INFO,3
/GRO,CURL,ON
/CPLANE,1   
/REPLOT,RESIZE  
WPSTYLE,,,,,,,,0
/REPLOT,RESIZE  
/INPUT,'Tower_AR','txt','C:\Users\Abhinav\',, 0 
/COM,ANSYS RELEASE 2023 R1           BUILD 23.1      UP20221128       15:00:38
!*  
/NOPR   
KEYW,PR_SET,1   
KEYW,PR_STRUC,1 
KEYW,PR_THERM,0 
KEYW,PR_FLUID,0 
KEYW,PR_ELMAG,0 
KEYW,MAGNOD,0   
KEYW,MAGEDG,0   
KEYW,MAGHFE,0   
KEYW,MAGELC,0   
KEYW,PR_MULTI,0 
/GO 
!*  
/COM,   
/COM,Preferences for GUI filtering have been set to display:
/COM,  Structural   
!*  
/DIST, 1 ,0.924021,1
/REP,FAST   
/DIST, 1 ,0.924021,1
/REP,FAST   
/DIST, 1 ,1.082226,1
/REP,FAST   
/DIST, 1 ,1.082226,1
/REP,FAST   
/DIST, 1 ,1.082226,1
/REP,FAST   
/DIST, 1 ,1.082226,1
/REP,FAST   
/DIST, 1 ,0.924021,1
/REP,FAST   
/DIST, 1 ,0.924021,1
/REP,FAST   
/DIST, 1 ,0.924021,1
/REP,FAST   
/DIST, 1 ,0.924021,1
/REP,FAST   
/DIST, 1 ,0.924021,1
/REP,FAST   
/DIST, 1 ,1.082226,1
/REP,FAST   
/DIST, 1 ,1.082226,1
/REP,FAST   
/DIST, 1 ,1.082226,1
/REP,FAST   
/DIST, 1 ,0.924021,1
/REP,FAST   
/DIST, 1 ,0.924021,1
/REP,FAST   
/DIST, 1 ,0.924021,1
/REP,FAST   
/DIST, 1 ,0.924021,1
/REP,FAST   
/DIST, 1 ,0.924021,1
/REP,FAST   
/DIST, 1 ,0.924021,1
/REP,FAST   
/DIST, 1 ,0.924021,1
/REP,FAST   
/DIST, 1 ,0.924021,1
/REP,FAST   
/DIST, 1 ,0.924021,1
/REP,FAST   
/DIST, 1 ,0.924021,1
/REP,FAST   
/VIEW,1,1,1,1   
/ANG,1  
/REP,FAST   
/DIST, 1 ,0.924021,1
/REP,FAST   
/DIST, 1 ,0.924021,1
/REP,FAST   
/DIST, 1 ,0.924021,1
/REP,FAST   
/DIST, 1 ,0.924021,1
/REP,FAST   
/DIST, 1 ,0.924021,1
/REP,FAST   
/DIST, 1 ,0.924021,1
/REP,FAST   
/DIST, 1 ,1.082226,1
/REP,FAST   
/DIST, 1 ,1.082226,1
/REP,FAST   
/DIST, 1 ,1.082226,1
/REP,FAST   
/DIST, 1 ,1.082226,1
/REP,FAST   
/DIST, 1 ,1.082226,1
/REP,FAST   
/DIST, 1 ,1.082226,1
/REP,FAST   
/DIST, 1 ,1.082226,1
/REP,FAST   
/DIST, 1 ,0.924021,1
/REP,FAST   
/DIST, 1 ,0.924021,1
/REP,FAST   
/DIST, 1 ,0.924021,1
/REP,FAST   
/DIST, 1 ,0.924021,1
/REP,FAST   
/DIST, 1 ,0.924021,1
/REP,FAST   
/DIST, 1 ,0.924021,1
/REP,FAST   
/DIST, 1 ,0.924021,1
/REP,FAST   
/DIST, 1 ,1.082226,1
/REP,FAST   
/DIST, 1 ,1.082226,1
/REP,FAST   
/DIST, 1 ,1.082226,1
/REP,FAST   
/DIST, 1 ,1.082226,1
/REP,FAST   
/DIST, 1 ,0.924021,1
/REP,FAST   
/DIST, 1 ,0.924021,1
/REP,FAST   
/DIST, 1 ,0.924021,1
/REP,FAST   
/DIST, 1 ,0.924021,1
/REP,FAST   
/DIST, 1 ,0.924021,1
/REP,FAST   
/DIST, 1 ,1.082226,1
/REP,FAST   
/DIST, 1 ,1.082226,1
/REP,FAST   
/DIST, 1 ,1.082226,1
/REP,FAST   
/DIST, 1 ,1.082226,1
/REP,FAST   
/DIST, 1 ,1.082226,1
/REP,FAST   
/DIST, 1 ,1.082226,1
/REP,FAST   
/DIST, 1 ,1.082226,1
/REP,FAST   
/DIST, 1 ,1.082226,1
/REP,FAST   
/DIST, 1 ,0.924021,1
/REP,FAST   
/DIST, 1 ,0.924021,1
/REP,FAST   
/DIST, 1 ,0.924021,1
/REP,FAST   
/DIST, 1 ,0.924021,1
/REP,FAST   
/DIST, 1 ,0.924021,1
/REP,FAST   
/DIST, 1 ,0.924021,1
/REP,FAST   
/VIEW,1,1,1,1   
/ANG,1  
/REP,FAST   
/VIEW,1,1,1,1   
/ANG,1  
/REP,FAST   
/INPUT,'Tower_AR','txt','C:\Users\Abhinav\',, 0 
/COM,ANSYS RELEASE 2023 R1           BUILD 23.1      UP20221128       15:01:12
/VIEW,1,1,1,1   
/ANG,1  
/REP,FAST   
/USER,  1   
/FOC,   1,  -31.4639120034    ,  -17.6600452297    ,   284.148163430
/REPLO  
/DIST,  1,   356.110628153  
/ANG,   1,  -103.200000000  
/REPLO  
/DIST,  1,   380.550381561  
/ANG,   1,  -120.600000000  
/REPLO  
/DIST,  1,   390.913190290  
/ANG,   1,  -118.800000000  
/REPLO  
/DIST,  1,   386.001884107  
/ANG,   1,  -116.400000000  
/REPLO  
/ANG,1,-30,ZS,1 
/REP,FAST   
/ANG,1,30,ZS,1  
/REP,FAST   
/ANG,1,-30,YS,1 
/REP,FAST   
/ANG,1,30,YS,1  
/REP,FAST   
/ANG,1,-30,XS,1 
/REP,FAST   
/ANG,1,-30,XS,1 
/REP,FAST   
/ANG,1,30,XS,1  
/REP,FAST   
/ANG,1,30,XS,1  
/REP,FAST   
/ANG,1,-30,YS,1 
/REP,FAST   
/ANG,1,-30,YS,1 
/REP,FAST   
/ANG,1,-30,YS,1 
/REP,FAST   
/ANG,1,-30,YS,1 
/REP,FAST   
/ANG,1,-30,YS,1 
/REP,FAST   
/ANG,1,-30,YS,1 
/REP,FAST   
/ANG,1,-30,YS,1 
/REP,FAST   
/ANG,1,-30,ZS,1 
/REP,FAST   
/ANG,1,30,ZS,1  
/REP,FAST   
/ANG,1,30,ZS,1  
/REP,FAST   
/ANG,1,-30,ZS,1 
/REP,FAST   
/ANG,1,15,ZS,1  
/REP,FAST   
/DIST,  1,   376.363608672  
/ANG,   1,   157.635580709  
/REPLO  
/DIST,  1,   339.889102713  
/ANG,   1,   146.685580709  
/REPLO  
/ANG,1,15,YS,1  
/REP,FAST   
FINISH  
/PREP7  
!*  
MPTEMP,,,,,,,,  
MPTEMP,1,0  
MPDE,EX,1   
MPDE,NUXY,1 
MPDE,PRXY,1 
MPDATA,EX,1,,7.5999E+10 
MPDATA,PRXY,1,,0.3  
FINISH  
/SOL
FLST,2,3,3,ORDE,2   
FITEM,2,1   
FITEM,2,-3  
!*  
/GO 
DK,P51X, , , ,0,ALL, , , , , ,  
/DIST, 1 ,0.961260,1
/REP,FAST   
/DIST, 1 ,1.040301,1
/REP,FAST   
/DIST, 1 ,0.961260,1
/REP,FAST   
/DIST, 1 ,0.961260,1
/REP,FAST   
/DIST, 1 ,1.040301,1
/REP,FAST   
/DIST, 1 ,1.040301,1
/REP,FAST   
/DIST, 1 ,1.040301,1
/REP,FAST   
FLST,2,3,3,ORDE,2   
FITEM,2,4   
FITEM,2,-6  
!*  
/GO 
FK,P51X,FY,-1000
/DIST,  1,   317.056676122  
/ANG,   1,   139.360569900  
/REPLO  
/DIST, 1 ,0.961260,1
/REP,FAST   
/DIST, 1 ,0.961260,1
/REP,FAST   
FLST,2,3,3,ORDE,2   
FITEM,2,4   
FITEM,2,-6  
!*  
/GO 
FK,P51X,FZ,-1000
/STATUS,SOLU
SOLVE   
FINISH  
/POST1  
!*  
/EFACET,1   
PLNSOL, S,EQV, 1,1.0
/EFACET,1   
PLNSOL, S,EQV, 1,1.0
/DIST,  1,   311.346222882  
/ANG,   1,   142.060569900  
/REPLO  
/DIST,  1,   326.205512676  
/ANG,   1,   133.210569900  
/REPLO  
!*  
/SHRINK,0   
/ESHAPE,1.0 
/EFACET,1   
/RATIO,1,1,1
/CFORMAT,32,0   
/REPLOT 
!*  
/DIST, 1 ,1.040301,1
/REP,FAST   
/DIST, 1 ,1.040301,1
/REP,FAST   
/DIST, 1 ,1.040301,1
/REP,FAST   
/DIST, 1 ,1.040301,1
/REP,FAST   
/DIST, 1 ,1.040301,1
/REP,FAST   
/DIST, 1 ,1.040301,1
/REP,FAST   
/DIST, 1 ,1.040301,1
/REP,FAST   
/DIST, 1 ,1.040301,1
/REP,FAST   
/DIST, 1 ,0.961260,1
/REP,FAST   
/DIST, 1 ,0.961260,1
/REP,FAST   
/DIST, 1 ,0.961260,1
/REP,FAST   
/DIST, 1 ,0.961260,1
/REP,FAST   
/DIST, 1 ,0.961260,1
/REP,FAST   
/DIST, 1 ,0.961260,1
/REP,FAST   
/DIST, 1 ,0.961260,1
/REP,FAST   
/DIST, 1 ,0.961260,1
/REP,FAST   
/DIST, 1 ,0.961260,1
/REP,FAST   
/DIST, 1 ,0.961260,1
/REP,FAST   
/DIST, 1 ,0.961260,1
/REP,FAST   
/DIST, 1 ,0.961260,1
/REP,FAST   
/DIST, 1 ,0.961260,1
/REP,FAST   
/DIST, 1 ,0.961260,1
/REP,FAST   
/DIST, 1 ,0.961260,1
/REP,FAST   
/DIST, 1 ,0.961260,1
/REP,FAST   
/DIST, 1 ,0.961260,1
/REP,FAST   
/DIST, 1 ,0.961260,1
/REP,FAST   
/DIST, 1 ,0.961260,1
/REP,FAST   
/DIST, 1 ,0.961260,1
/REP,FAST   
/DIST, 1 ,0.961260,1
/REP,FAST   
/DIST, 1 ,0.961260,1
/REP,FAST   
/DIST, 1 ,0.961260,1
/REP,FAST   
/DIST, 1 ,0.961260,1
/REP,FAST   
/DIST, 1 ,0.961260,1
/REP,FAST   
/DIST, 1 ,0.961260,1
/REP,FAST   
/DIST, 1 ,0.961260,1
/REP,FAST   
/DIST, 1 ,0.961260,1
/REP,FAST   
/DIST, 1 ,0.961260,1
/REP,FAST   
/DIST, 1 ,0.961260,1
/REP,FAST   
/DIST, 1 ,0.961260,1
/REP,FAST   
/DIST, 1 ,0.961260,1
/REP,FAST   
/DIST, 1 ,0.961260,1
/REP,FAST   
/DIST, 1 ,0.961260,1
/REP,FAST   
/DIST, 1 ,0.961260,1
/REP,FAST   
/DIST, 1 ,0.961260,1
/REP,FAST   
/DIST, 1 ,0.961260,1
/REP,FAST   
/DIST, 1 ,0.961260,1
/REP,FAST   
/DIST, 1 ,0.961260,1
/REP,FAST   
/DIST, 1 ,0.961260,1
/REP,FAST   
/DIST, 1 ,0.961260,1
/REP,FAST   
/DIST, 1 ,0.961260,1
/REP,FAST   
/DIST, 1 ,0.961260,1
/REP,FAST   
/DIST, 1 ,0.961260,1
/REP,FAST   
/DIST, 1 ,0.961260,1
/REP,FAST   
/DIST, 1 ,0.961260,1
/REP,FAST   
/DIST, 1 ,0.961260,1
/REP,FAST   
/DIST, 1 ,0.961260,1
/REP,FAST   
/DIST, 1 ,0.961260,1
/REP,FAST   
/DIST, 1 ,0.961260,1
/REP,FAST   
/DIST, 1 ,0.961260,1
/REP,FAST   
/DIST, 1 ,0.961260,1
/REP,FAST   
/DIST, 1 ,0.961260,1
/REP,FAST   
/DIST, 1 ,0.961260,1
/REP,FAST   
/DIST, 1 ,0.961260,1
/REP,FAST   
/DIST, 1 ,0.961260,1
/REP,FAST   
/DIST, 1 ,0.961260,1
/REP,FAST   
/DIST, 1 ,0.961260,1
/REP,FAST   
/DIST, 1 ,0.961260,1
/REP,FAST   
/DIST, 1 ,1.040301,1
/REP,FAST   
/DIST, 1 ,1.040301,1
/REP,FAST   
/DIST, 1 ,1.040301,1
/REP,FAST   
/DIST, 1 ,1.040301,1
/REP,FAST   
/DIST, 1 ,1.040301,1
/REP,FAST   
/DIST, 1 ,1.040301,1
/REP,FAST   
/DIST, 1 ,1.040301,1
/REP,FAST   
/DIST, 1 ,1.040301,1
/REP,FAST   
/DIST, 1 ,1.040301,1
/REP,FAST   
/DIST, 1 ,1.040301,1
/REP,FAST   
/DIST, 1 ,1.040301,1
/REP,FAST   
/DIST, 1 ,1.040301,1
/REP,FAST   
/DIST, 1 ,1.040301,1
/REP,FAST   
/DIST, 1 ,1.040301,1
/REP,FAST   
/DIST, 1 ,1.040301,1
/REP,FAST   
/DIST, 1 ,1.040301,1
/REP,FAST   
/DIST, 1 ,1.040301,1
/REP,FAST   
/DIST, 1 ,1.040301,1
/REP,FAST   
/DIST, 1 ,1.040301,1
/REP,FAST   
/DIST, 1 ,1.040301,1
/REP,FAST   
/DIST, 1 ,1.040301,1
/REP,FAST   
/DIST, 1 ,1.040301,1
/REP,FAST   
/DIST, 1 ,1.040301,1
/REP,FAST   
/DIST, 1 ,1.040301,1
/REP,FAST   
/DIST, 1 ,1.040301,1
/REP,FAST   
/DIST, 1 ,1.040301,1
/REP,FAST   
/DIST, 1 ,1.040301,1
/REP,FAST   
/DIST, 1 ,1.040301,1
/REP,FAST   
/DIST, 1 ,1.040301,1
/REP,FAST   
/DIST, 1 ,1.040301,1
/REP,FAST   
/DIST, 1 ,1.040301,1
/REP,FAST   
/DIST, 1 ,1.040301,1
/REP,FAST   
/DIST, 1 ,1.040301,1
/REP,FAST   
/DIST, 1 ,1.040301,1
/REP,FAST   
/DIST,1,0.853814968245,1
/REP,FAST   
/FOC,   1,  -28.9419787611    ,  -7.08216327348    ,   266.157337126
/REPLO  
/DIST,  1,   121.865725940  
/ANG,   1,   137.710569900  
/REPLO  
/DIST,  1,   102.906021738  
/ANG,   1,   143.710569900  
/REPLO  
/DIST,  1,   83.3977958061  
/ANG,   1,   124.510569900  
/REPLO  
/DIST, 1 ,1.040301,1
/REP,FAST   
/DIST, 1 ,1.040301,1
/REP,FAST   
/DIST, 1 ,1.040301,1
/REP,FAST   
/DIST, 1 ,1.040301,1
/REP,FAST   
/DIST, 1 ,1.040301,1
/REP,FAST   
/DIST, 1 ,1.040301,1
/REP,FAST   
/DIST, 1 ,1.040301,1
/REP,FAST   
/DIST, 1 ,1.040301,1
/REP,FAST   
/DIST, 1 ,1.040301,1
/REP,FAST   
/DIST, 1 ,1.040301,1
/REP,FAST   
/DIST, 1 ,1.040301,1
/REP,FAST   
/DIST, 1 ,1.040301,1
/REP,FAST   
/DIST, 1 ,1.040301,1
/REP,FAST   
/DIST, 1 ,1.040301,1
/REP,FAST   
/DIST, 1 ,1.040301,1
/REP,FAST   
/DIST, 1 ,1.040301,1
/REP,FAST   
/DIST, 1 ,1.040301,1
/REP,FAST   
/DIST, 1 ,1.040301,1
/REP,FAST   
/DIST, 1 ,1.040301,1
/REP,FAST   
/DIST, 1 ,1.040301,1
/REP,FAST   
/DIST, 1 ,1.040301,1
/REP,FAST   
SET,LIST
/DIST, 1 ,0.961260,1
/REP,FAST   
/DIST, 1 ,0.961260,1
/REP,FAST   
/DIST, 1 ,0.961260,1
/REP,FAST   
/DIST, 1 ,0.961260,1
/REP,FAST   
/DIST, 1 ,0.961260,1
/REP,FAST   
/DIST, 1 ,0.961260,1
/REP,FAST   
/DIST, 1 ,0.961260,1
/REP,FAST   
/DIST, 1 ,1.040301,1
/REP,FAST   
/DIST, 1 ,1.040301,1
/REP,FAST   
/DIST, 1 ,1.040301,1
/REP,FAST   
/DIST, 1 ,1.040301,1
/REP,FAST   
/DIST, 1 ,1.040301,1
/REP,FAST   
/DIST, 1 ,1.040301,1
/REP,FAST   
/DIST, 1 ,1.040301,1
/REP,FAST   
/DIST, 1 ,1.040301,1
/REP,FAST   
/DIST, 1 ,1.040301,1
/REP,FAST   
/DIST, 1 ,1.040301,1
/REP,FAST   
/DIST, 1 ,1.040301,1
/REP,FAST   
/DIST, 1 ,1.040301,1
/REP,FAST   
/DIST, 1 ,1.040301,1
/REP,FAST   
/DIST, 1 ,1.040301,1
/REP,FAST   
/DIST, 1 ,1.040301,1
/REP,FAST   
/DIST, 1 ,1.040301,1
/REP,FAST   
/DIST, 1 ,1.040301,1
/REP,FAST   
/DIST, 1 ,1.040301,1
/REP,FAST   
/DIST, 1 ,1.040301,1
/REP,FAST   
/DIST, 1 ,1.040301,1
/REP,FAST   
/DIST, 1 ,1.040301,1
/REP,FAST   
/DIST, 1 ,1.040301,1
/REP,FAST   
/DIST, 1 ,1.040301,1
/REP,FAST   
/DIST, 1 ,1.040301,1
/REP,FAST   
/DIST, 1 ,1.040301,1
/REP,FAST   
/DIST, 1 ,1.040301,1
/REP,FAST   
/DIST, 1 ,1.040301,1
/REP,FAST   
/DIST, 1 ,1.040301,1
/REP,FAST   
/DIST,  1,   482.725859404  
/ANG,   1,   126.910569900  
/REPLO  
/DIST,  1,   340.957939313  
/ANG,   1,   127.360569900  
/REPLO  
/DIST,  1,   281.167150021  
/ANG,   1,   130.210569900  
/REPLO  
/DIST,  1,   270.274775654  
/ANG,   1,   132.310569900  
/REPLO  
!*  
/SHRINK,0   
/ESHAPE,0.0 
/EFACET,1   
/RATIO,1,1,1
/CFORMAT,32,0   
/REPLOT 
!*  
!*  
/SHRINK,0   
/ESHAPE,0.0 
/EFACET,1   
/RATIO,1,1,1
/CFORMAT,32,0   
/REPLOT 
!*  
/DIST, 1 ,0.961260,1
/REP,FAST   
/DIST, 1 ,0.961260,1
/REP,FAST   
/DIST, 1 ,0.961260,1
/REP,FAST   
/DIST, 1 ,0.961260,1
/REP,FAST   
/DIST, 1 ,0.961260,1
/REP,FAST   
/DIST, 1 ,1.040301,1
/REP,FAST   
/DIST, 1 ,1.040301,1
/REP,FAST   
/DIST, 1 ,1.040301,1
/REP,FAST   
/DIST, 1 ,1.040301,1
/REP,FAST   
/DIST, 1 ,1.040301,1
/REP,FAST   
/DIST, 1 ,1.040301,1
/REP,FAST   
/DIST, 1 ,1.040301,1
/REP,FAST   
/DIST, 1 ,1.040301,1
/REP,FAST   
/DIST, 1 ,1.040301,1
/REP,FAST   
/DIST, 1 ,1.040301,1
/REP,FAST   
/DIST, 1 ,1.040301,1
/REP,FAST   
/DIST, 1 ,1.040301,1
/REP,FAST   
/DIST, 1 ,1.040301,1
/REP,FAST   
/DIST, 1 ,1.040301,1
/REP,FAST   
/DIST, 1 ,1.040301,1
/REP,FAST   
/DIST, 1 ,0.961260,1
/REP,FAST   
/DIST, 1 ,0.961260,1
/REP,FAST   
/DIST, 1 ,0.961260,1
/REP,FAST   
/DIST, 1 ,0.961260,1
/REP,FAST   
/DIST, 1 ,0.961260,1
/REP,FAST   
/DIST, 1 ,0.961260,1
/REP,FAST   
/DIST, 1 ,0.961260,1
/REP,FAST   
/DIST, 1 ,0.961260,1
/REP,FAST   
/DIST, 1 ,0.961260,1
/REP,FAST   
/DIST, 1 ,0.961260,1
/REP,FAST   
/DIST, 1 ,0.961260,1
/REP,FAST   
/DIST, 1 ,0.961260,1
/REP,FAST   
/DIST, 1 ,1.040301,1
/REP,FAST   
/DIST, 1 ,1.040301,1
/REP,FAST   
/DIST, 1 ,1.040301,1
/REP,FAST   
/DIST, 1 ,1.040301,1
/REP,FAST   
/DIST, 1 ,1.040301,1
/REP,FAST   
/DIST, 1 ,1.040301,1
/REP,FAST   
/SHOW,WIN32C
SET,FIRST   
/PLOPTS,INFO,3  
/CONTOUR,ALL,18 
/PNUM,MAT,1 
/NUMBER,1   
/REPLOT,RESIZE  
PLNSOL,S,EQV
SET,,,,,,,2 
PLNSOL,S,EQV
SET,,,,,,,3 
PLNSOL,S,EQV
SET,,,,,,,4 
PLNSOL,S,EQV
SET,,,,,,,5 
PLNSOL,S,EQV
SET,,,,,,,6 
PLNSOL,S,EQV
SET,,,,,,,7 
PLNSOL,S,EQV
SET,,,,,,,8 
PLNSOL,S,EQV
SET,,,,,,,9 
PLNSOL,S,EQV
SET,,,,,,,7 
PLNSOL,S,EQV
SET,,,,,,,8 
PLNSOL,S,EQV
SET,,,,,,,9 
PLNSOL,S,EQV
SET,,,,,,,8 
PLNSOL,S,EQV
SET,,,,,,,9 
PLNSOL,S,EQV
SET,,,,,,,10
PLNSOL,S,EQV
SET,,,,,,,11
PLNSOL,S,EQV
SET,,,,,,,12
PLNSOL,S,EQV
SET,,,,,,,13
PLNSOL,S,EQV
SET,,,,,,,14
PLNSOL,S,EQV
SET,,,,,,,15
PLNSOL,S,EQV
SET,,,,,,,14
PLNSOL,S,EQV
SET,,,,,,,15
PLNSOL,S,EQV
SET,,,,,,,1 
PLNSOL,S,EQV
PLNSOL,S,EQV
SET,,,,,,,2 
PLNSOL,S,EQV
SET,,,,,,,3 
PLNSOL,S,EQV
SET,,,,,,,4 
PLNSOL,S,EQV
SET,,,,,,,5 
PLNSOL,S,EQV
SET,,,,,,,6 
PLNSOL,S,EQV
SET,,,,,,,7 
PLNSOL,S,EQV
SET,,,,,,,8 
PLNSOL,S,EQV
SET,,,,,,,9 
PLNSOL,S,EQV
SET,,,,,,,10
PLNSOL,S,EQV
SET,,,,,,,11
PLNSOL,S,EQV
SET,,,,,,,12
PLNSOL,S,EQV
SET,,,,,,,13
PLNSOL,S,EQV
SET,,,,,,,14
PLNSOL,S,EQV
SET,,,,,,,15
PLNSOL,S,EQV
EPLOT   
FINISH  
/POST26 
FILE,'tower','rst','.'  
/UI,COLL,1  
NUMVAR,200  
SOLU,191,NCMIT  
STORE,MERGE 
FILLDATA,191,,,,1,1 
REALVAR,191,191 
FINISH  
/POST1  
FILE,'tower','rst','.'  
EPLOT   
!*  
PLNS,S,EQV  
ANDATA,0.5, ,0,0,0,1,0,1
!*  
! /UIS,ABORT,1  
/SHOW,WIN32 
/REPLOT,RESIZE  
SAVE
SAVE
FINISH  
! /EXIT,ALL 
/BATCH  
/COM,ANSYS RELEASE 2023 R1           BUILD 23.1      UP20221128       16:30:27
/input,menust,tmp,''
/GRA,POWER
/GST,ON
/PLO,INFO,3
/GRO,CURL,ON
/CPLANE,1   
/REPLOT,RESIZE  
WPSTYLE,,,,,,,,0
/REPLOT,RESIZE  
/SOLU   
/STATUS,SOLU
SOLVE   
FINISH  
! /EXIT,NOSAV   
/BATCH  
/COM,ANSYS RELEASE 2023 R1           BUILD 23.1      UP20221128       16:35:16
/input,menust,tmp,''
/GRA,POWER
/GST,ON
/PLO,INFO,3
/GRO,CURL,ON
/CPLANE,1   
/REPLOT,RESIZE  
WPSTYLE,,,,,,,,0
/REPLOT,RESIZE  
/INPUT,'Tower_AR','txt','C:\Users\Abhinav\',, 0 
/COM,ANSYS RELEASE 2023 R1           BUILD 23.1      UP20221128       16:36:01
!*  
/EFACET,1   
PLNSOL, S,INT, 1,1.0
!*  
/SHRINK,0   
/ESHAPE,1.0 
/EFACET,1   
/RATIO,1,1,1
/CFORMAT,32,0   
/REPLOT 
!*  
/DIST, 1 ,1.082226,1
/REP,FAST   
/DIST, 1 ,1.082226,1
/REP,FAST   
/DIST, 1 ,1.082226,1
/REP,FAST   
/DIST, 1 ,1.082226,1
/REP,FAST   
/DIST, 1 ,1.082226,1
/REP,FAST   
/DIST, 1 ,1.082226,1
/REP,FAST   
/DIST, 1 ,0.924021,1
/REP,FAST   
/DIST, 1 ,0.924021,1
/REP,FAST   
/DIST, 1 ,0.924021,1
/REP,FAST   
/SHOW,WIN32C
SET,FIRST   
/PLOPTS,INFO,3  
/CONTOUR,ALL,18 
/PNUM,MAT,1 
/NUMBER,1   
/REPLOT,RESIZE  
PLNSOL,S,EQV
! /UIS,ABORT,1  
/SHOW,WIN32 
/REPLOT,RESIZE  
/DIST, 1 ,1.371742,1
/REP,FAST   
/DIST, 1 ,1.371742,1
/REP,FAST   
/DIST, 1 ,0.729000,1
/REP,FAST   
/ANG, 1 ,-30.000000,XS,1
/REP,FAST   
/ANG, 1 ,-30.000000,XS,1
/REP,FAST   
/DIST, 1 ,1.371742,1
/REP,FAST   
/DIST, 1 ,1.371742,1
/REP,FAST   
/DIST, 1 ,1.371742,1
/REP,FAST   
/DIST, 1 ,0.729000,1
/REP,FAST   
/ANG, 1 ,10.000000,YS,1 
/REP,FAST   
/ANG, 1 ,-10.000000,YS,1
/REP,FAST   
/ANG, 1 ,-10.000000,ZS,1
/REP,FAST   
/ANG, 1 ,10.000000,ZS,1 
/REP,FAST   
/ANG, 1 ,1.000000,ZS,1  
/REP,FAST   
/ANG, 1 ,-1.000000,ZS,1 
/REP,FAST   
/ANG, 1 ,-1.000000,ZS,1 
/REP,FAST   
/ANG, 1 ,-1.000000,ZS,1 
/REP,FAST   
/ANG, 1 ,-1.000000,YS,1 
/REP,FAST   
/ANG, 1 ,-1.000000,YS,1 
/REP,FAST   
/ANG, 1 ,-1.000000,YS,1 
/REP,FAST   
/ANG, 1 ,1.000000,YS,1  
/REP,FAST   
/ANG, 1 ,1.000000,YS,1  
/REP,FAST   
/ANG, 1 ,1.000000,YS,1  
/REP,FAST   
/ANG, 1 ,1.000000,YS,1  
/REP,FAST   
/ANG, 1 ,1.000000,YS,1  
/REP,FAST   
/ANG, 1 ,1.000000,YS,1  
/REP,FAST   
/ANG, 1 ,1.000000,YS,1  
/REP,FAST   
/ANG, 1 ,1.000000,XS,1  
/REP,FAST   
/ANG, 1 ,-1.000000,XS,1 
/REP,FAST   
/ANG, 1 ,-1.000000,XS,1 
/REP,FAST   
/ANG, 1 ,-1.000000,XS,1 
/REP,FAST   
/ANG, 1 ,-1.000000,XS,1 
/REP,FAST   
/ANG, 1 ,-1.000000,XS,1 
/REP,FAST   
/ANG, 1 ,-1.000000,XS,1 
/REP,FAST   
/ANG, 1 ,-1.000000,XS,1 
/REP,FAST   
/ANG, 1 ,-1.000000,XS,1 
/REP,FAST   
/ANG, 1 ,-1.000000,XS,1 
/REP,FAST   
!*  
/NOPR   
KEYW,PR_SET,1   
KEYW,PR_STRUC,1 
KEYW,PR_THERM,0 
KEYW,PR_FLUID,0 
KEYW,PR_ELMAG,0 
KEYW,MAGNOD,0   
KEYW,MAGEDG,0   
KEYW,MAGHFE,0   
KEYW,MAGELC,0   
KEYW,PR_MULTI,0 
/GO 
!*  
/COM,   
/COM,Preferences for GUI filtering have been set to display:
/COM,  Structural   
!*  
/DIST, 1 ,0.997369,1
/REP,FAST   
/DIST, 1 ,0.997369,1
/REP,FAST   
/DIST, 1 ,0.997369,1
/REP,FAST   
/DIST, 1 ,0.997369,1
/REP,FAST   
/DIST, 1 ,0.997369,1
/REP,FAST   
/DIST, 1 ,0.997369,1
/REP,FAST   
/DIST, 1 ,0.997369,1
/REP,FAST   
/DIST, 1 ,0.997369,1
/REP,FAST   
/DIST, 1 ,0.997369,1
/REP,FAST   
/DIST, 1 ,0.997369,1
/REP,FAST   
/DIST, 1 ,0.997369,1
/REP,FAST   
FINISH  
/SOL
FINISH  
/PREP7  
/units, si  
/UI,BEAM,OFF
FLST,2,3,3,ORDE,2   
FITEM,2,1   
FITEM,2,-3  
!*  
/GO 
DK,P51X, , , ,0,ALL, , , , , ,  
/DIST, 1 ,0.997369,1
/REP,FAST   
/DIST, 1 ,0.997369,1
/REP,FAST   
/DIST, 1 ,0.997369,1
/REP,FAST   
/DIST, 1 ,1.002637,1
/REP,FAST   
/DIST, 1 ,1.002637,1
/REP,FAST   
/DIST, 1 ,1.002637,1
/REP,FAST   
/DIST, 1 ,1.002637,1
/REP,FAST   
/DIST, 1 ,0.997369,1
/REP,FAST   
/DIST, 1 ,0.997369,1
/REP,FAST   
/DIST, 1 ,0.997369,1
/REP,FAST   
/DIST, 1 ,0.997369,1
/REP,FAST   
/DIST, 1 ,0.997369,1
/REP,FAST   
/DIST, 1 ,0.997369,1
/REP,FAST   
FLST,2,3,3,ORDE,2   
FITEM,2,4   
FITEM,2,-6  
!*  
/GO 
FK,P51X,FZ,-1000
FINISH  
/SOL
/STATUS,SOLU
SOLVE   
/DIST, 1 ,0.997369,1
/REP,FAST   
FINISH  
/POST1  
!*  
/EFACET,1   
PLNSOL, S,EQV, 1,1.0
/DIST, 1 ,0.997369,1
/REP,FAST   
/DIST, 1 ,0.997369,1
/REP,FAST   
/DIST, 1 ,0.997369,1
/REP,FAST   
/DIST, 1 ,0.997369,1
/REP,FAST   
/DIST, 1 ,0.997369,1
/REP,FAST   
/DIST, 1 ,0.997369,1
/REP,FAST   
/DIST, 1 ,0.997369,1
/REP,FAST   
/DIST, 1 ,0.997369,1
/REP,FAST   
/DIST, 1 ,0.997369,1
/REP,FAST   
/DIST, 1 ,0.997369,1
/REP,FAST   
/DIST, 1 ,0.997369,1
/REP,FAST   
/DIST, 1 ,0.997369,1
/REP,FAST   
/DIST, 1 ,0.997369,1
/REP,FAST   
/DIST, 1 ,0.997369,1
/REP,FAST   
/DIST, 1 ,0.997369,1
/REP,FAST   
/DIST, 1 ,0.997369,1
/REP,FAST   
/DIST, 1 ,0.997369,1
/REP,FAST   
/DIST, 1 ,0.997369,1
/REP,FAST   
/DIST, 1 ,0.997369,1
/REP,FAST   
/DIST, 1 ,0.997369,1
/REP,FAST   
/DIST, 1 ,0.997369,1
/REP,FAST   
/DIST, 1 ,0.997369,1
/REP,FAST   
/DIST, 1 ,0.997369,1
/REP,FAST   
/DIST, 1 ,0.997369,1
/REP,FAST   
/DIST, 1 ,0.997369,1
/REP,FAST   
/DIST, 1 ,0.997369,1
/REP,FAST   
/DIST, 1 ,0.997369,1
/REP,FAST   
/DIST, 1 ,0.997369,1
/REP,FAST   
/DIST, 1 ,0.997369,1
/REP,FAST   
/DIST, 1 ,0.997369,1
/REP,FAST   
/DIST, 1 ,0.997369,1
/REP,FAST   
/DIST, 1 ,0.997369,1
/REP,FAST   
!*  
/SHRINK,0   
/ESHAPE,0.0 
/EFACET,1   
/RATIO,1,1,1
/CFORMAT,32,0   
/REPLOT 
!*  
!*  
/SHRINK,0   
/ESHAPE,1.0 
/EFACET,1   
/RATIO,1,1,1
/CFORMAT,32,0   
/REPLOT 
!*  
!*  
/SHRINK,0   
/ESHAPE,1   
/EFACET,1   
/RATIO,1,1,1
/CFORMAT,32,0   
/REPLOT 
!*  
!*  
/EFACET,1   
PLNSOL, S,EQV, 0,1.0
/SHOW,WIN32C
SET,FIRST   
/PLOPTS,INFO,3  
/PNUM,MAT,1 
/NUMBER,1   
/REPLOT,RESIZE  
PLNSOL,S,EQV
SET,,,,,,,2 
PLNSOL,S,EQV
SET,,,,,,,3 
PLNSOL,S,EQV
SET,,,,,,,4 
PLNSOL,S,EQV
SET,,,,,,,5 
PLNSOL,S,EQV
SET,,,,,,,6 
PLNSOL,S,EQV
SET,,,,,,,7 
PLNSOL,S,EQV
SET,,,,,,,8 
PLNSOL,S,EQV
SET,,,,,,,9 
PLNSOL,S,EQV
SET,,,,,,,10
PLNSOL,S,EQV
SET,,,,,,,11
PLNSOL,S,EQV
SET,,,,,,,12
PLNSOL,S,EQV
SET,,,,,,,13
PLNSOL,S,EQV
SET,,,,,,,14
PLNSOL,S,EQV
SET,,,,,,,15
PLNSOL,S,EQV
SET,,,,,,,14
PLNSOL,S,EQV
SET,,,,,,,15
PLNSOL,S,EQV
SET,,,,,,,1 
PLNSOL,S,EQV
SET,,,,,,,15
PLNSOL,S,EQV
! /UIS,ABORT,1  
/SHOW,WIN32 
/REPLOT,RESIZE  
/DIST, 1 ,0.997369,1
/REP,FAST   
/DIST, 1 ,0.997369,1
/REP,FAST   
/DIST, 1 ,1.002637,1
/REP,FAST   
/DIST, 1 ,1.002637,1
/REP,FAST   
/DIST, 1 ,1.002637,1
/REP,FAST   
/DIST, 1 ,1.002637,1
/REP,FAST   
/DIST, 1 ,1.002637,1
/REP,FAST   
/DIST, 1 ,1.002637,1
/REP,FAST   
/DIST, 1 ,1.002637,1
/REP,FAST   
/DIST, 1 ,1.002637,1
/REP,FAST   
/DIST, 1 ,1.002637,1
/REP,FAST   
/DIST, 1 ,1.002637,1
/REP,FAST   
/DIST, 1 ,1.002637,1
/REP,FAST   
/DIST, 1 ,1.002637,1
/REP,FAST   
/DIST, 1 ,1.002637,1
/REP,FAST   
/DIST, 1 ,1.002637,1
/REP,FAST   
/DIST, 1 ,1.002637,1
/REP,FAST   
/DIST, 1 ,1.002637,1
/REP,FAST   
/DIST, 1 ,1.002637,1
/REP,FAST   
/DIST, 1 ,1.002637,1
/REP,FAST   
!*  
/SHRINK,0   
/ESHAPE,1   
/EFACET,1   
/RATIO,1,1,1
/CFORMAT,32,0   
/REPLOT 
!*  
!*  
/SHRINK,0   
/ESHAPE,1   
/EFACET,1   
/RATIO,1,1,1
/CFORMAT,32,0   
/REPLOT 
!*  
PLDISP,1
PLDISP,0
!*  
/EFACET,1   
PLNSOL, S,EQV, 1,1.0
!*  
/SHRINK,0   
/ESHAPE,0.0 
/EFACET,1   
/RATIO,1,1,1
/CFORMAT,32,0   
/REPLOT 
!*  
!*  
/SHRINK,0   
/ESHAPE,0.0 
/EFACET,1   
/RATIO,1,1,1
/CFORMAT,32,0   
/REPLOT 
!*  
FINISH  
/PREP7  
!*  
ET,2,BEAM188
!*  
ET,3,BEAM188
!*  
!*  
ETDEL,1 
!*  
!*  
MPTEMP,,,,,,,,  
MPTEMP,1,0  
MPDE,EX,1   
MPDE,NUXY,1 
MPDE,PRXY,1 
MPDATA,EX,1,,7.5999E+10 
MPDATA,PRXY,1,,0.3  
MPTEMP,,,,,,,,  
MPTEMP,1,0  
MPDE,EX,2   
MPDE,NUXY,2 
MPDE,PRXY,2 
MPDATA,EX,2,,7.5999e+10 
MPDATA,PRXY,2,,0.3  
MPTEMP,,,,,,,,  
MPTEMP,1,0  
MPDATA,EX,3,,7.5999e+10 
MPDATA,PRXY,3,,0.3  
/DIST, 1 ,0.997369,1
/REP,FAST   
/DIST, 1 ,0.997369,1
/REP,FAST   
/DIST, 1 ,1.002637,1
/REP,FAST   
/DIST, 1 ,1.002637,1
/REP,FAST   
/DIST, 1 ,0.997369,1
/REP,FAST   
/DIST, 1 ,0.997369,1
/REP,FAST   
/DIST, 1 ,1.002637,1
/REP,FAST   
/DIST, 1 ,1.002637,1
/REP,FAST   
/DIST, 1 ,0.997369,1
/REP,FAST   
/DIST, 1 ,0.997369,1
/REP,FAST   
/DIST, 1 ,0.997369,1
/REP,FAST   
/DIST, 1 ,0.997369,1
/REP,FAST   
/DIST, 1 ,0.997369,1
/REP,FAST   
/DIST, 1 ,0.997369,1
/REP,FAST   
SECTYPE,   2, BEAM, CSOLID, , 0 
SECOFFSET, CENT 
SECDATA,0.01,0,0,0,0,0,0,0,0,0,0,0  
SECTYPE,   2, BEAM, CSOLID, , 0 
SECOFFSET, CENT 
SECDATA,0.01,0,0,0,0,0,0,0,0,0,0,0  
SECTYPE,   3, BEAM, CSOLID, , 0 
SECOFFSET, CENT 
SECDATA,0.0008,0,0,0,0,0,0,0,0,0,0,0
SECTYPE,   3, BEAM, CSOLID, , 0 
SECOFFSET, CENT 
SECDATA,0.0008,0,0,0,0,0,0,0,0,0,0,0
FLST,5,6,4,ORDE,2   
FITEM,5,4   
FITEM,5,-9  
CM,_Y,LINE  
LSEL, , , ,P51X 
CM,_Y1,LINE 
CMSEL,S,_Y  
!*  
!*  
CMSEL,S,_Y1 
LATT,3, ,3, , , ,3  
CMSEL,S,_Y  
CMDELE,_Y   
CMDELE,_Y1  
!*  
FLST,5,3,4,ORDE,2   
FITEM,5,1   
FITEM,5,-3  
CM,_Y,LINE  
LSEL, , , ,P51X 
CM,_Y1,LINE 
CMSEL,S,_Y  
!*  
!*  
CMSEL,S,_Y1 
LATT,2, ,2, , , ,2  
CMSEL,S,_Y  
CMDELE,_Y   
CMDELE,_Y1  
!*  
/DIST, 1 ,0.997369,1
/REP,FAST   
/DIST, 1 ,0.997369,1
/REP,FAST   
/DIST, 1 ,0.997369,1
/REP,FAST   
/DIST, 1 ,0.997369,1
/REP,FAST   
/DIST, 1 ,0.997369,1
/REP,FAST   
/DIST, 1 ,0.997369,1
/REP,FAST   
/DIST, 1 ,0.997369,1
/REP,FAST   
/DIST, 1 ,0.997369,1
/REP,FAST   
/DIST, 1 ,0.997369,1
/REP,FAST   
/DIST, 1 ,0.997369,1
/REP,FAST   
/DIST, 1 ,0.997369,1
/REP,FAST   
/DIST, 1 ,0.997369,1
/REP,FAST   
/DIST, 1 ,0.997369,1
/REP,FAST   
/DIST, 1 ,0.997369,1
/REP,FAST   
/DIST, 1 ,0.997369,1
/REP,FAST   
/DIST, 1 ,0.997369,1
/REP,FAST   
/DIST, 1 ,0.997369,1
/REP,FAST   
/DIST, 1 ,0.997369,1
/REP,FAST   
/DIST, 1 ,0.997369,1
/REP,FAST   
/DIST, 1 ,0.997369,1
/REP,FAST   
/DIST, 1 ,0.997369,1
/REP,FAST   
/DIST, 1 ,0.997369,1
/REP,FAST   
/DIST, 1 ,1.002637,1
/REP,FAST   
/DIST, 1 ,1.002637,1
/REP,FAST   
/DIST, 1 ,1.002637,1
/REP,FAST   
/DIST, 1 ,1.002637,1
/REP,FAST   
FINISH  
/SOL
FINISH  
/PREP7  
FLST,2,3,3,ORDE,2   
FITEM,2,1   
FITEM,2,-3  
!*  
/GO 
DK,P51X, , , ,0,ALL, , , , , ,  
/DIST, 1 ,0.997369,1
/REP,FAST   
/DIST, 1 ,0.997369,1
/REP,FAST   
/DIST, 1 ,1.002637,1
/REP,FAST   
/DIST, 1 ,1.002637,1
/REP,FAST   
/DIST, 1 ,1.002637,1
/REP,FAST   
/DIST, 1 ,1.002637,1
/REP,FAST   
FLST,2,3,3,ORDE,2   
FITEM,2,4   
FITEM,2,-6  
!*  
/GO 
FK,P51X,FZ,-10000   
FINISH  
/SOL
/STATUS,SOLU
SOLVE   
FINISH  
! /EXIT,NOSAV   
/BATCH  
/COM,ANSYS RELEASE 2023 R1           BUILD 23.1      UP20221128       16:53:06
/input,menust,tmp,''
/GRA,POWER
/GST,ON
/PLO,INFO,3
/GRO,CURL,ON
/CPLANE,1   
/REPLOT,RESIZE  
WPSTYLE,,,,,,,,0
/INPUT,'Tower_AR','txt','C:\Users\Abhinav\',, 0 
/COM,ANSYS RELEASE 2023 R1           BUILD 23.1      UP20221128       16:53:35
/DIST, 1 ,1.371742,1
/REP,FAST   
/VIEW, 1 ,,,1   
/ANG, 1 
/REP,FAST   
/VIEW, 1 ,,1
/ANG, 1 
/REP,FAST   
/DIST, 1 ,1.082226,1
/REP,FAST   
/DIST, 1 ,1.082226,1
/REP,FAST   
/DIST, 1 ,1.082226,1
/REP,FAST   
/DIST, 1 ,1.082226,1
/REP,FAST   
/DIST, 1 ,1.082226,1
/REP,FAST   
/DIST, 1 ,1.082226,1
/REP,FAST   
/DIST, 1 ,1.082226,1
/REP,FAST   
/VIEW, 1 ,,-1   
/ANG, 1 
/REP,FAST   
/ANG, 1 ,-30.000000,XS,1
/REP,FAST   
/ANG, 1 ,30.000000,XS,1 
/REP,FAST   
/ANG, 1 ,5.000000,XS,1  
/REP,FAST   
/ANG, 1 ,5.000000,XS,1  
/REP,FAST   
/ANG, 1 ,5.000000,XS,1  
/REP,FAST   
/ANG, 1 ,5.000000,XS,1  
/REP,FAST   
/ANG, 1 ,5.000000,ZS,1  
/REP,FAST   
/ANG, 1 ,-5.000000,ZS,1 
/REP,FAST   
/ANG, 1 ,5.000000,YS,1  
/REP,FAST   
/ANG, 1 ,5.000000,YS,1  
/REP,FAST   
/ANG, 1 ,5.000000,YS,1  
/REP,FAST   
/ANG, 1 ,5.000000,YS,1  
/REP,FAST   
/ANG, 1 ,-5.000000,YS,1 
/REP,FAST   
/REPLOT,RESIZE  
FINISH  
/SOL
FINISH  
/PREP7  
/DIST, 1 ,0.986916,1
/REP,FAST   
/DIST, 1 ,1.013257,1
/REP,FAST   
/DIST, 1 ,0.986916,1
/REP,FAST   
/DIST, 1 ,0.986916,1
/REP,FAST   
/DIST, 1 ,1.013257,1
/REP,FAST   
/DIST, 1 ,1.013257,1
/REP,FAST   
/DIST, 1 ,1.013257,1
/REP,FAST   
FLST,2,3,3,ORDE,2   
FITEM,2,1   
FITEM,2,-3  
!*  
/GO 
DK,P51X, , , ,0,ALL, , , , , ,  
FLST,2,3,3,ORDE,2   
FITEM,2,4   
FITEM,2,-6  
!*  
/GO 
FK,P51X,FZ,-1000
FINISH  
/SOL
/STATUS,SOLU
SOLVE   
FINISH  
/POST1  
!*  
/EFACET,1   
PLNSOL, S,EQV, 1,1.0
/EFACET,1   
PLNSOL, S,EQV, 1,1.0
/DIST, 1 ,0.986916,1
/REP,FAST   
/DIST, 1 ,0.986916,1
/REP,FAST   
/DIST, 1 ,0.986916,1
/REP,FAST   
/DIST, 1 ,0.986916,1
/REP,FAST   
/DIST, 1 ,1.013257,1
/REP,FAST   
/DIST, 1 ,1.013257,1
/REP,FAST   
/DIST, 1 ,1.013257,1
/REP,FAST   
/DIST, 1 ,1.013257,1
/REP,FAST   
/DIST, 1 ,1.013257,1
/REP,FAST   
/ANG, 1 ,-5.000000,YS,1 
/REP,FAST   
/ANG, 1 ,-5.000000,YS,1 
/REP,FAST   
/ANG, 1 ,-5.000000,YS,1 
/REP,FAST   
/ANG, 1 ,-5.000000,YS,1 
/REP,FAST   
/ANG, 1 ,-5.000000,YS,1 
/REP,FAST   
/ANG, 1 ,-5.000000,YS,1 
/REP,FAST   
/ANG, 1 ,-5.000000,YS,1 
/REP,FAST   
/ANG, 1 ,-5.000000,YS,1 
/REP,FAST   
/ANG, 1 ,-5.000000,YS,1 
/REP,FAST   
/ANG, 1 ,-5.000000,YS,1 
/REP,FAST   
/ANG, 1 ,-5.000000,YS,1 
/REP,FAST   
/ANG, 1 ,-5.000000,YS,1 
/REP,FAST   
/ANG, 1 ,-5.000000,YS,1 
/REP,FAST   
/ANG, 1 ,-5.000000,YS,1 
/REP,FAST   
/ANG, 1 ,-5.000000,YS,1 
/REP,FAST   
/ANG, 1 ,-5.000000,YS,1 
/REP,FAST   
/ANG, 1 ,-5.000000,YS,1 
/REP,FAST   
/ANG, 1 ,-5.000000,YS,1 
/REP,FAST   
/ANG, 1 ,-5.000000,YS,1 
/REP,FAST   
/ANG, 1 ,-5.000000,YS,1 
/REP,FAST   
/ANG, 1 ,-5.000000,YS,1 
/REP,FAST   
/ANG, 1 ,-5.000000,YS,1 
/REP,FAST   
/ANG, 1 ,-5.000000,YS,1 
/REP,FAST   
/ANG, 1 ,-5.000000,YS,1 
/REP,FAST   
/ANG, 1 ,-5.000000,YS,1 
/REP,FAST   
/ANG, 1 ,-5.000000,YS,1 
/REP,FAST   
/ANG, 1 ,-5.000000,YS,1 
/REP,FAST   
/ANG, 1 ,-5.000000,YS,1 
/REP,FAST   
/ANG, 1 ,-5.000000,YS,1 
/REP,FAST   
/ANG, 1 ,-5.000000,YS,1 
/REP,FAST   
/ANG, 1 ,-5.000000,YS,1 
/REP,FAST   
/ANG, 1 ,-5.000000,YS,1 
/REP,FAST   
/ANG, 1 ,-5.000000,YS,1 
/REP,FAST   
/ANG, 1 ,-5.000000,YS,1 
/REP,FAST   
/ANG, 1 ,-5.000000,YS,1 
/REP,FAST   
/ANG, 1 ,-5.000000,YS,1 
/REP,FAST   
/ANG, 1 ,-5.000000,YS,1 
/REP,FAST   
/ANG, 1 ,-5.000000,YS,1 
/REP,FAST   
/ANG, 1 ,-5.000000,YS,1 
/REP,FAST   
/ANG, 1 ,5.000000,YS,1  
/REP,FAST   
/ANG, 1 ,5.000000,ZS,1  
/REP,FAST   
/ANG, 1 ,-5.000000,ZS,1 
/REP,FAST   
/ANG, 1 ,5.000000,XS,1  
/REP,FAST   
/ANG, 1 ,5.000000,XS,1  
/REP,FAST   
/ANG, 1 ,5.000000,XS,1  
/REP,FAST   
/ANG, 1 ,5.000000,XS,1  
/REP,FAST   
/ANG, 1 ,5.000000,XS,1  
/REP,FAST   
/ANG, 1 ,5.000000,XS,1  
/REP,FAST   
/ANG, 1 ,5.000000,XS,1  
/REP,FAST   
/ANG, 1 ,5.000000,XS,1  
/REP,FAST   
/ANG, 1 ,-5.000000,YS,1 
/REP,FAST   
/ANG, 1 ,-5.000000,YS,1 
/REP,FAST   
/ANG, 1 ,-5.000000,YS,1 
/REP,FAST   
/ANG, 1 ,-5.000000,YS,1 
/REP,FAST   
/ANG, 1 ,-5.000000,YS,1 
/REP,FAST   
/ANG, 1 ,-5.000000,YS,1 
/REP,FAST   
/ANG, 1 ,-5.000000,YS,1 
/REP,FAST   
/ANG, 1 ,-5.000000,YS,1 
/REP,FAST   
/ANG, 1 ,-5.000000,YS,1 
/REP,FAST   
/ANG, 1 ,-5.000000,YS,1 
/REP,FAST   
/ANG, 1 ,-5.000000,YS,1 
/REP,FAST   
/ANG, 1 ,-5.000000,YS,1 
/REP,FAST   
/ANG, 1 ,-5.000000,YS,1 
/REP,FAST   
/ANG, 1 ,-5.000000,YS,1 
/REP,FAST   
/ANG, 1 ,-5.000000,YS,1 
/REP,FAST   
/ANG, 1 ,-5.000000,YS,1 
/REP,FAST   
/ANG, 1 ,-5.000000,YS,1 
/REP,FAST   
/ANG, 1 ,-5.000000,YS,1 
/REP,FAST   
/ANG, 1 ,-5.000000,YS,1 
/REP,FAST   
/ANG, 1 ,-5.000000,YS,1 
/REP,FAST   
/ANG, 1 ,-5.000000,YS,1 
/REP,FAST   
/ANG, 1 ,-5.000000,YS,1 
/REP,FAST   
/ANG, 1 ,-5.000000,YS,1 
/REP,FAST   
/ANG, 1 ,-5.000000,YS,1 
/REP,FAST   
/ANG, 1 ,-5.000000,YS,1 
/REP,FAST   
/ANG, 1 ,-5.000000,YS,1 
/REP,FAST   
/ANG, 1 ,-5.000000,YS,1 
/REP,FAST   
/ANG, 1 ,5.000000,XS,1  
/REP,FAST   
/ANG, 1 ,5.000000,XS,1  
/REP,FAST   
/ANG, 1 ,5.000000,XS,1  
/REP,FAST   
/ANG, 1 ,5.000000,XS,1  
/REP,FAST   
/ANG, 1 ,5.000000,XS,1  
/REP,FAST   
/ANG, 1 ,5.000000,XS,1  
/REP,FAST   
/ANG, 1 ,5.000000,YS,1  
/REP,FAST   
/ANG, 1 ,5.000000,YS,1  
/REP,FAST   
/ANG, 1 ,5.000000,YS,1  
/REP,FAST   
/ANG, 1 ,5.000000,YS,1  
/REP,FAST   
/ANG, 1 ,5.000000,YS,1  
/REP,FAST   
/ANG, 1 ,5.000000,YS,1  
/REP,FAST   
/ANG, 1 ,5.000000,YS,1  
/REP,FAST   
/ANG, 1 ,5.000000,YS,1  
/REP,FAST   
/ANG, 1 ,-5.000000,YS,1 
/REP,FAST   
/ANG, 1 ,-5.000000,YS,1 
/REP,FAST   
/ANG, 1 ,-5.000000,YS,1 
/REP,FAST   
/ANG, 1 ,-5.000000,YS,1 
/REP,FAST   
/ANG, 1 ,5.000000,XS,1  
/REP,FAST   
/ANG, 1 ,-5.000000,XS,1 
/REP,FAST   
/ANG, 1 ,-5.000000,XS,1 
/REP,FAST   
/ANG, 1 ,-5.000000,XS,1 
/REP,FAST   
/ANG, 1 ,-5.000000,XS,1 
/REP,FAST   
/ANG, 1 ,-5.000000,XS,1 
/REP,FAST   
/ANG, 1 ,5.000000,XS,1  
/REP,FAST   
/ANG, 1 ,5.000000,ZS,1  
/REP,FAST   
/ANG, 1 ,-5.000000,ZS,1 
/REP,FAST   
/ANG, 1 ,-5.000000,ZS,1 
/REP,FAST   
/ANG, 1 ,5.000000,YS,1  
/REP,FAST   
/ANG, 1 ,-5.000000,YS,1 
/REP,FAST   
/ANG, 1 ,5.000000,XS,1  
/REP,FAST   
/ANG, 1 ,5.000000,XS,1  
/REP,FAST   
/REPLOT,RESIZE  
/REPLOT,RESIZE  
SAVE
SAVE
SAVE
SAVE
FINISH  
! /EXIT,ALL 
/BATCH  
/COM,ANSYS RELEASE 2023 R1           BUILD 23.1      UP20221128       17:24:24
/input,menust,tmp,''
/GRA,POWER
/GST,ON
/PLO,INFO,3
/GRO,CURL,ON
/CPLANE,1   
/REPLOT,RESIZE  
WPSTYLE,,,,,,,,0
RESUME  
/COM,ANSYS RELEASE 2023 R1           BUILD 23.1      UP20221128       17:24:35
/REPLOT,RESIZE  
FINISH  
/FILNAME,tower,1
/BATCH  
/COM,ANSYS RELEASE 2023 R1           BUILD 23.1      UP20221128       15:08:26
/input,menust,tmp,''
/GRA,POWER
/GST,ON
/PLO,INFO,3
/GRO,CURL,ON
/CPLANE,1   
/REPLOT,RESIZE  
WPSTYLE,,,,,,,,0
RESUME  
/COM,ANSYS RELEASE 2023 R1           BUILD 23.1      UP20221128       15:10:18
/REPLOT,RESIZE  
FINISH  
/FILNAME,tower,1
/BATCH  
/COM,ANSYS RELEASE 2023 R1           BUILD 23.1      UP20221128       17:55:44
/input,menust,tmp,''
/GRA,POWER
/GST,ON
/PLO,INFO,3
/GRO,CURL,ON
/CPLANE,1   
/REPLOT,RESIZE  
WPSTYLE,,,,,,,,0
RESUME  
/COM,ANSYS RELEASE 2023 R1           BUILD 23.1      UP20221128       17:56:08
FINISH  
/FILNAME,tower,1
/BATCH  
/COM,ANSYS RELEASE 2023 R1           BUILD 23.1      UP20221128       10:13:13
/input,menust,tmp,''
/GRA,POWER
/GST,ON
/PLO,INFO,3
/GRO,CURL,ON
/CPLANE,1   
/REPLOT,RESIZE  
WPSTYLE,,,,,,,,0
RESUME  
/COM,ANSYS RELEASE 2023 R1           BUILD 23.1      UP20221128       10:13:47
RESUME  
/COM,ANSYS RELEASE 2023 R1           BUILD 23.1      UP20221128       10:13:53
FINISH  
/FILNAME,tower,1
/BATCH  
/COM,ANSYS RELEASE 2023 R1           BUILD 23.1      UP20221128       10:31:25
/input,menust,tmp,''
/GRA,POWER
/GST,ON
/PLO,INFO,3
/GRO,CURL,ON
/CPLANE,1   
/REPLOT,RESIZE  
WPSTYLE,,,,,,,,0
/REPLOT,RESIZE  
FINISH  
/FILNAME,tower,1
/BATCH  
/COM,ANSYS RELEASE 2023 R1           BUILD 23.1      UP20221128       00:35:35
/input,menust,tmp,''
/GRA,POWER
/GST,ON
/PLO,INFO,3
/GRO,CURL,ON
/CPLANE,1   
/REPLOT,RESIZE  
WPSTYLE,,,,,,,,0
/INPUT,'Tower_AR','txt','C:\Users\Abhinav\',, 0 
/COM,ANSYS RELEASE 2023 R1           BUILD 23.1      UP20221128       00:40:01
/REPLOT,RESIZE  
/VIEW,1,1,1,1   
/ANG,1  
/REP,FAST   
/ANG,1,-30,XS,1 
/REP,FAST   
/ANG,1,-30,XS,1 
/REP,FAST   
/ANG,1,-30,XS,1 
/REP,FAST   
/ANG,1,-30,XS,1 
/REP,FAST   
/ANG,1,-30,XS,1 
/REP,FAST   
/ANG,1,-30,XS,1 
/REP,FAST   
/ANG,1,-30,XS,1 
/REP,FAST   
/ANG,1,-30,XS,1 
/REP,FAST   
/VIEW,1,1,1,1   
/ANG,1  
/REP,FAST   
/ANG,1,-30,ZS,1 
/REP,FAST   
/ANG,1,-30,ZS,1 
/REP,FAST   
/ANG,1,-30,ZS,1 
/REP,FAST   
/ANG,1,-30,ZS,1 
/REP,FAST   
!*  
/NOPR   
KEYW,PR_SET,1   
KEYW,PR_STRUC,1 
KEYW,PR_THERM,0 
KEYW,PR_FLUID,0 
KEYW,PR_ELMAG,0 
KEYW,MAGNOD,0   
KEYW,MAGEDG,0   
KEYW,MAGHFE,0   
KEYW,MAGELC,0   
KEYW,PR_MULTI,0 
/GO 
!*  
/COM,   
/COM,Preferences for GUI filtering have been set to display:
/COM,  Structural   
!*  
FINISH  
/PREP7  
!*  
KEYOPT,1,2,0
KEYOPT,1,12,0   
!*  
/DIST, 1 ,1.082226,1
/REP,FAST   
/DIST, 1 ,1.082226,1
/REP,FAST   
/DIST, 1 ,1.082226,1
/REP,FAST   
/DIST, 1 ,1.082226,1
/REP,FAST   
/DIST, 1 ,1.082226,1
/REP,FAST   
/DIST, 1 ,1.082226,1
/REP,FAST   
/DIST, 1 ,1.082226,1
/REP,FAST   
/DIST, 1 ,1.082226,1
/REP,FAST   
/DIST, 1 ,1.082226,1
/REP,FAST   
/DIST, 1 ,1.082226,1
/REP,FAST   
/DIST, 1 ,1.082226,1
/REP,FAST   
/DIST, 1 ,1.082226,1
/REP,FAST   
/DIST, 1 ,1.082226,1
/REP,FAST   
/DIST, 1 ,1.082226,1
/REP,FAST   
/DIST, 1 ,0.924021,1
/REP,FAST   
/DIST, 1 ,0.924021,1
/REP,FAST   
/DIST, 1 ,0.924021,1
/REP,FAST   
/DIST, 1 ,0.924021,1
/REP,FAST   
/DIST, 1 ,0.924021,1
/REP,FAST   
/DIST, 1 ,0.924021,1
/REP,FAST   
/DIST, 1 ,0.924021,1
/REP,FAST   
/DIST, 1 ,0.924021,1
/REP,FAST   
/DIST, 1 ,0.924021,1
/REP,FAST   
/DIST, 1 ,0.924021,1
/REP,FAST   
/DIST, 1 ,0.924021,1
/REP,FAST   
/DIST, 1 ,0.924021,1
/REP,FAST   
/DIST, 1 ,0.924021,1
/REP,FAST   
/DIST, 1 ,0.924021,1
/REP,FAST   
/DIST, 1 ,0.924021,1
/REP,FAST   
/DIST, 1 ,0.924021,1
/REP,FAST   
/DIST, 1 ,0.924021,1
/REP,FAST   
/DIST, 1 ,0.924021,1
/REP,FAST   
/DIST, 1 ,0.924021,1
/REP,FAST   
/DIST, 1 ,0.924021,1
/REP,FAST   
/DIST, 1 ,0.924021,1
/REP,FAST   
/DIST, 1 ,0.924021,1
/REP,FAST   
/DIST, 1 ,0.924021,1
/REP,FAST   
/DIST, 1 ,0.924021,1
/REP,FAST   
/DIST, 1 ,1.082226,1
/REP,FAST   
/DIST, 1 ,1.082226,1
/REP,FAST   
/DIST, 1 ,1.082226,1
/REP,FAST   
/DIST, 1 ,1.082226,1
/REP,FAST   
/DIST, 1 ,1.082226,1
/REP,FAST   
/DIST, 1 ,1.082226,1
/REP,FAST   
/DIST, 1 ,1.082226,1
/REP,FAST   
/DIST, 1 ,1.082226,1
/REP,FAST   
/DIST, 1 ,1.082226,1
/REP,FAST   
/DIST, 1 ,1.082226,1
/REP,FAST   
/DIST, 1 ,1.082226,1
/REP,FAST   
/DIST, 1 ,1.082226,1
/REP,FAST   
/DIST, 1 ,1.082226,1
/REP,FAST   
/DIST, 1 ,1.082226,1
/REP,FAST   
/DIST, 1 ,1.082226,1
/REP,FAST   
/DIST, 1 ,1.082226,1
/REP,FAST   
/DIST, 1 ,1.082226,1
/REP,FAST   
/DIST, 1 ,1.082226,1
/REP,FAST   
/DIST, 1 ,1.082226,1
/REP,FAST   
/DIST, 1 ,0.924021,1
/REP,FAST   
/DIST, 1 ,0.924021,1
/REP,FAST   
/DIST, 1 ,0.924021,1
/REP,FAST   
/DIST, 1 ,0.924021,1
/REP,FAST   
/DIST, 1 ,0.924021,1
/REP,FAST   
/DIST, 1 ,0.924021,1
/REP,FAST   
/DIST, 1 ,0.924021,1
/REP,FAST   
/DIST, 1 ,1.082226,1
/REP,FAST   
/DIST, 1 ,1.082226,1
/REP,FAST   
/DIST, 1 ,1.082226,1
/REP,FAST   
/DIST, 1 ,1.082226,1
/REP,FAST   
/DIST, 1 ,1.082226,1
/REP,FAST   
/DIST, 1 ,0.924021,1
/REP,FAST   
/DIST, 1 ,0.924021,1
/REP,FAST   
/DIST, 1 ,0.924021,1
/REP,FAST   
/DIST, 1 ,0.924021,1
/REP,FAST   
/DIST, 1 ,0.924021,1
/REP,FAST   
/DIST, 1 ,0.924021,1
/REP,FAST   
/DIST, 1 ,0.924021,1
/REP,FAST   
/DIST, 1 ,0.924021,1
/REP,FAST   
!*  
MPTEMP,,,,,,,,  
MPTEMP,1,0  
MPDE,EX,1   
MPDE,NUXY,1 
MPDE,PRXY,1 
MPDATA,EX,1,,7.5999E+10 
MPDATA,PRXY,1,,0.3  
FLST,5,9,4,ORDE,2   
FITEM,5,1   
FITEM,5,-9  
CM,_Y,LINE  
LSEL, , , ,P51X 
CM,_Y1,LINE 
CMSEL,S,_Y  
!*  
/UI,BEAM,OFF
!*  
CMSEL,S,_Y1 
LATT,1, ,1, , , ,1  
CMSEL,S,_Y  
CMDELE,_Y   
CMDELE,_Y1  
!*  
FLST,5,9,4,ORDE,2   
FITEM,5,1   
FITEM,5,-9  
CM,_Y,LINE  
LSEL, , , ,P51X 
CM,_Y1,LINE 
CMSEL,,_Y   
!*  
LESIZE,_Y1, , ,10, , , , ,1 
!*  
FINISH  
/SOL
FINISH  
/PREP7  
FLST,2,3,1,ORDE,3   
FITEM,2,1   
FITEM,2,3   
FITEM,2,5   
!*  
/GO 
D,P51X,UY, , , , , , , , , ,
FLST,2,3,3,ORDE,2   
FITEM,2,1   
FITEM,2,-3  
DKDELE,P51X,ALL 
FLST,2,3,3,ORDE,2   
FITEM,2,1   
FITEM,2,-3  
!*  
/GO 
DK,P51X, , , ,0,UZ, , , , , ,   
FLST,2,3,3,ORDE,2   
FITEM,2,4   
FITEM,2,-6  
!*  
/GO 
FK,P51X,FZ,-1000
FINISH  
/SOL
/STATUS,SOLU
SOLVE   
/STATUS,SOLU
SOLVE   
FINISH  
/PREP7  
LSCLEAR,ALL 
/DIST, 1 ,1.082226,1
/REP,FAST   
/DIST, 1 ,1.082226,1
/REP,FAST   
/DIST, 1 ,1.082226,1
/REP,FAST   
/DIST, 1 ,1.082226,1
/REP,FAST   
/DIST, 1 ,1.082226,1
/REP,FAST   
/DIST, 1 ,1.082226,1
/REP,FAST   
/DIST, 1 ,1.082226,1
/REP,FAST   
/DIST, 1 ,1.082226,1
/REP,FAST   
/DIST, 1 ,1.082226,1
/REP,FAST   
/DIST, 1 ,1.082226,1
/REP,FAST   
/DIST, 1 ,1.082226,1
/REP,FAST   
/DIST, 1 ,1.082226,1
/REP,FAST   
/DIST, 1 ,1.082226,1
/REP,FAST   
/DIST, 1 ,1.082226,1
/REP,FAST   
/DIST, 1 ,1.082226,1
/REP,FAST   
/DIST, 1 ,1.082226,1
/REP,FAST   
/DIST, 1 ,1.082226,1
/REP,FAST   
/DIST, 1 ,1.082226,1
/REP,FAST   
/DIST, 1 ,1.082226,1
/REP,FAST   
/DIST, 1 ,0.924021,1
/REP,FAST   
/DIST, 1 ,0.924021,1
/REP,FAST   
/DIST, 1 ,0.924021,1
/REP,FAST   
/DIST, 1 ,0.924021,1
/REP,FAST   
/DIST, 1 ,0.924021,1
/REP,FAST   
/DIST, 1 ,0.924021,1
/REP,FAST   
/DIST, 1 ,0.924021,1
/REP,FAST   
/DIST, 1 ,0.924021,1
/REP,FAST   
/DIST, 1 ,0.924021,1
/REP,FAST   
/DIST, 1 ,0.924021,1
/REP,FAST   
/DIST, 1 ,0.924021,1
/REP,FAST   
/DIST, 1 ,0.924021,1
/REP,FAST   
/DIST, 1 ,0.924021,1
/REP,FAST   
/DIST, 1 ,0.924021,1
/REP,FAST   
/DIST, 1 ,0.924021,1
/REP,FAST   
/DIST, 1 ,0.924021,1
/REP,FAST   
/DIST, 1 ,0.924021,1
/REP,FAST   
/DIST, 1 ,0.924021,1
/REP,FAST   
/DIST, 1 ,0.924021,1
/REP,FAST   
/DIST, 1 ,0.924021,1
/REP,FAST   
/DIST, 1 ,0.924021,1
/REP,FAST   
/DIST, 1 ,0.924021,1
/REP,FAST   
/DIST, 1 ,1.082226,1
/REP,FAST   
/DIST, 1 ,1.082226,1
/REP,FAST   
/DIST, 1 ,1.082226,1
/REP,FAST   
/DIST, 1 ,1.082226,1
/REP,FAST   
/DIST, 1 ,1.082226,1
/REP,FAST   
/DIST, 1 ,1.082226,1
/REP,FAST   
/DIST, 1 ,1.082226,1
/REP,FAST   
FINISH  
/SOL
FLST,2,3,1,ORDE,3   
FITEM,2,1   
FITEM,2,3   
FITEM,2,5   
!*  
/GO 
D,P51X,ALL, , , , , , , , , ,   
FLST,2,3,1,ORDE,3   
FITEM,2,2   
FITEM,2,4   
FITEM,2,6   
!*  
/GO 
F,P51X,FZ,-1000 
/STATUS,SOLU
SOLVE   
FINISH  
/POST1  
PLDISP,1
PLDISP,1
/DIST, 1 ,1.082226,1
/REP,FAST   
/DIST, 1 ,1.082226,1
/REP,FAST   
/DIST, 1 ,1.082226,1
/REP,FAST   
/DIST, 1 ,1.082226,1
/REP,FAST   
/DIST, 1 ,1.082226,1
/REP,FAST   
/DIST, 1 ,1.082226,1
/REP,FAST   
/DIST, 1 ,1.082226,1
/REP,FAST   
/DIST, 1 ,1.082226,1
/REP,FAST   
/DIST, 1 ,1.082226,1
/REP,FAST   
/DIST, 1 ,0.924021,1
/REP,FAST   
/DIST, 1 ,0.924021,1
/REP,FAST   
/DIST, 1 ,0.924021,1
/REP,FAST   
/DIST, 1 ,0.924021,1
/REP,FAST   
/DIST, 1 ,0.924021,1
/REP,FAST   
/DIST, 1 ,0.924021,1
/REP,FAST   
/DIST, 1 ,0.924021,1
/REP,FAST   
/DIST, 1 ,0.924021,1
/REP,FAST   
/DIST, 1 ,0.924021,1
/REP,FAST   
/DIST, 1 ,0.924021,1
/REP,FAST   
/DIST, 1 ,0.924021,1
/REP,FAST   
/DIST, 1 ,0.924021,1
/REP,FAST   
/DIST, 1 ,0.924021,1
/REP,FAST   
/DIST, 1 ,0.924021,1
/REP,FAST   
/DIST, 1 ,0.924021,1
/REP,FAST   
/DIST, 1 ,0.924021,1
/REP,FAST   
/DIST, 1 ,0.924021,1
/REP,FAST   
/DIST, 1 ,0.924021,1
/REP,FAST   
/DIST, 1 ,0.924021,1
/REP,FAST   
/DIST, 1 ,0.924021,1
/REP,FAST   
/DIST, 1 ,0.924021,1
/REP,FAST   
/DIST, 1 ,1.082226,1
/REP,FAST   
/DIST, 1 ,1.082226,1
/REP,FAST   
/DIST, 1 ,1.082226,1
/REP,FAST   
/DIST, 1 ,1.082226,1
/REP,FAST   
/DIST, 1 ,1.082226,1
/REP,FAST   
/DIST, 1 ,1.082226,1
/REP,FAST   
/DIST, 1 ,1.082226,1
/REP,FAST   
/DIST, 1 ,1.082226,1
/REP,FAST   
/DIST, 1 ,1.082226,1
/REP,FAST   
/DIST, 1 ,1.082226,1
/REP,FAST   
/DIST, 1 ,1.082226,1
/REP,FAST   
/DIST, 1 ,1.082226,1
/REP,FAST   
/DIST, 1 ,1.082226,1
/REP,FAST   
/DIST, 1 ,1.082226,1
/REP,FAST   
/DIST, 1 ,1.082226,1
/REP,FAST   
/DIST, 1 ,0.924021,1
/REP,FAST   
/DIST, 1 ,0.924021,1
/REP,FAST   
/DIST, 1 ,0.924021,1
/REP,FAST   
/DIST, 1 ,0.924021,1
/REP,FAST   
/DIST, 1 ,0.924021,1
/REP,FAST   
/DIST, 1 ,0.924021,1
/REP,FAST   
/DIST, 1 ,0.924021,1
/REP,FAST   
/DIST, 1 ,0.924021,1
/REP,FAST   
/DIST, 1 ,0.924021,1
/REP,FAST   
/DIST, 1 ,0.924021,1
/REP,FAST   
/DIST, 1 ,0.924021,1
/REP,FAST   
/DIST, 1 ,0.924021,1
/REP,FAST   
/DIST, 1 ,0.924021,1
/REP,FAST   
/DIST, 1 ,1.082226,1
/REP,FAST   
/DIST, 1 ,1.082226,1
/REP,FAST   
/DIST, 1 ,1.082226,1
/REP,FAST   
/DIST, 1 ,1.082226,1
/REP,FAST   
/DIST, 1 ,1.082226,1
/REP,FAST   
/DIST, 1 ,1.082226,1
/REP,FAST   
/DIST, 1 ,1.082226,1
/REP,FAST   
/DIST, 1 ,1.082226,1
/REP,FAST   
/DIST, 1 ,1.082226,1
/REP,FAST   
/DIST, 1 ,1.082226,1
/REP,FAST   
/DIST, 1 ,1.082226,1
/REP,FAST   
/SHOW,WIN32C
SET,FIRST   
/PLOPTS,INFO,3  
/CONTOUR,ALL,18 
/PNUM,MAT,1 
/NUMBER,1   
/REPLOT,RESIZE  
PLNSOL,S,EQV
PLNSOL,S,EQV
PLNSOL,S,EQV
PLNSOL,S,EQV
PLNSOL,S,EQV
PLNSOL,S,EQV
PLNSOL,S,EQV
PLNSOL,S,EQV
PLNSOL,S,EQV
! /UIS,ABORT,1  
/SHOW,WIN32 
/REPLOT,RESIZE  
!*  
/SHRINK,0   
/ESHAPE,1.0 
/EFACET,1   
/RATIO,1,1,1
/CFORMAT,32,0   
/REPLOT 
!*  
/DIST, 1 ,1.082226,1
/REP,FAST   
/DIST, 1 ,1.082226,1
/REP,FAST   
/DIST, 1 ,1.082226,1
/REP,FAST   
/DIST, 1 ,1.082226,1
/REP,FAST   
/DIST, 1 ,1.082226,1
/REP,FAST   
/DIST, 1 ,1.082226,1
/REP,FAST   
/DIST, 1 ,1.082226,1
/REP,FAST   
/DIST, 1 ,1.082226,1
/REP,FAST   
/DIST, 1 ,1.082226,1
/REP,FAST   
/DIST, 1 ,1.082226,1
/REP,FAST   
/DIST, 1 ,1.082226,1
/REP,FAST   
/DIST, 1 ,1.082226,1
/REP,FAST   
/DIST, 1 ,1.082226,1
/REP,FAST   
/DIST, 1 ,0.924021,1
/REP,FAST   
/DIST, 1 ,0.924021,1
/REP,FAST   
/DIST, 1 ,0.924021,1
/REP,FAST   
/DIST, 1 ,0.924021,1
/REP,FAST   
/DIST, 1 ,0.924021,1
/REP,FAST   
/DIST, 1 ,0.924021,1
/REP,FAST   
/DIST, 1 ,0.924021,1
/REP,FAST   
/DIST, 1 ,0.924021,1
/REP,FAST   
/DIST, 1 ,0.924021,1
/REP,FAST   
/DIST, 1 ,0.924021,1
/REP,FAST   
/DIST, 1 ,0.924021,1
/REP,FAST   
/DIST, 1 ,0.924021,1
/REP,FAST   
/DIST, 1 ,0.924021,1
/REP,FAST   
/DIST, 1 ,0.924021,1
/REP,FAST   
/DIST, 1 ,0.924021,1
/REP,FAST   
/DIST, 1 ,0.924021,1
/REP,FAST   
/DIST, 1 ,0.924021,1
/REP,FAST   
/DIST, 1 ,0.924021,1
/REP,FAST   
/DIST, 1 ,0.924021,1
/REP,FAST   
/DIST, 1 ,0.924021,1
/REP,FAST   
/DIST, 1 ,0.924021,1
/REP,FAST   
/DIST, 1 ,0.924021,1
/REP,FAST   
/DIST, 1 ,0.924021,1
/REP,FAST   
/DIST, 1 ,0.924021,1
/REP,FAST   
/DIST, 1 ,0.924021,1
/REP,FAST   
/DIST, 1 ,0.924021,1
/REP,FAST   
/DIST, 1 ,0.924021,1
/REP,FAST   
/DIST, 1 ,0.924021,1
/REP,FAST   
/DIST, 1 ,0.924021,1
/REP,FAST   
/DIST, 1 ,0.924021,1
/REP,FAST   
/DIST, 1 ,0.924021,1
/REP,FAST   
/DIST, 1 ,0.924021,1
/REP,FAST   
/DIST, 1 ,0.924021,1
/REP,FAST   
/DIST, 1 ,0.924021,1
/REP,FAST   
/DIST, 1 ,0.924021,1
/REP,FAST   
/DIST, 1 ,0.924021,1
/REP,FAST   
/DIST, 1 ,0.924021,1
/REP,FAST   
/DIST, 1 ,0.924021,1
/REP,FAST   
/DIST, 1 ,0.924021,1
/REP,FAST   
/DIST, 1 ,0.924021,1
/REP,FAST   
/DIST, 1 ,0.924021,1
/REP,FAST   
/DIST, 1 ,0.924021,1
/REP,FAST   
/DIST, 1 ,0.924021,1
/REP,FAST   
/DIST, 1 ,0.924021,1
/REP,FAST   
/DIST, 1 ,0.924021,1
/REP,FAST   
/DIST, 1 ,0.924021,1
/REP,FAST   
/DIST, 1 ,0.924021,1
/REP,FAST   
/DIST, 1 ,0.924021,1
/REP,FAST   
/DIST, 1 ,0.924021,1
/REP,FAST   
/DIST, 1 ,0.924021,1
/REP,FAST   
/DIST, 1 ,0.924021,1
/REP,FAST   
/DIST, 1 ,0.924021,1
/REP,FAST   
/DIST, 1 ,0.924021,1
/REP,FAST   
/DIST, 1 ,0.924021,1
/REP,FAST   
/DIST, 1 ,0.924021,1
/REP,FAST   
/DIST, 1 ,0.924021,1
/REP,FAST   
/DIST, 1 ,0.924021,1
/REP,FAST   
/DIST, 1 ,0.924021,1
/REP,FAST   
/DIST, 1 ,0.924021,1
/REP,FAST   
/DIST, 1 ,0.924021,1
/REP,FAST   
/DIST, 1 ,0.924021,1
/REP,FAST   
/DIST, 1 ,1.082226,1
/REP,FAST   
/DIST, 1 ,1.082226,1
/REP,FAST   
/DIST, 1 ,1.082226,1
/REP,FAST   
/DIST, 1 ,1.082226,1
/REP,FAST   
/DIST, 1 ,1.082226,1
/REP,FAST   
/DIST, 1 ,1.082226,1
/REP,FAST   
/DIST, 1 ,1.082226,1
/REP,FAST   
/DIST, 1 ,1.082226,1
/REP,FAST   
/DIST, 1 ,1.082226,1
/REP,FAST   
/DIST, 1 ,1.082226,1
/REP,FAST   
/DIST, 1 ,1.082226,1
/REP,FAST   
/DIST, 1 ,1.082226,1
/REP,FAST   
/DIST, 1 ,1.082226,1
/REP,FAST   
/DIST, 1 ,1.082226,1
/REP,FAST   
/DIST, 1 ,1.082226,1
/REP,FAST   
/DIST, 1 ,1.082226,1
/REP,FAST   
/DIST, 1 ,1.082226,1
/REP,FAST   
/DIST, 1 ,1.082226,1
/REP,FAST   
/DIST, 1 ,1.082226,1
/REP,FAST   
/DIST, 1 ,1.082226,1
/REP,FAST   
/DIST, 1 ,1.082226,1
/REP,FAST   
/DIST, 1 ,1.082226,1
/REP,FAST   
/DIST, 1 ,1.082226,1
/REP,FAST   
/DIST, 1 ,1.082226,1
/REP,FAST   
/DIST, 1 ,1.082226,1
/REP,FAST   
/DIST, 1 ,1.082226,1
/REP,FAST   
/DIST, 1 ,1.082226,1
/REP,FAST   
/DIST, 1 ,1.082226,1
/REP,FAST   
/DIST, 1 ,1.082226,1
/REP,FAST   
/DIST, 1 ,1.082226,1
/REP,FAST   
/DIST, 1 ,1.082226,1
/REP,FAST   
/DIST, 1 ,1.082226,1
/REP,FAST   
/DIST, 1 ,1.082226,1
/REP,FAST   
/DIST, 1 ,1.082226,1
/REP,FAST   
/DIST, 1 ,1.082226,1
/REP,FAST   
/DIST, 1 ,1.082226,1
/REP,FAST   
/DIST, 1 ,1.082226,1
/REP,FAST   
/DIST, 1 ,1.082226,1
/REP,FAST   
/DIST, 1 ,1.082226,1
/REP,FAST   
/DIST, 1 ,1.082226,1
/REP,FAST   
/DIST, 1 ,1.082226,1
/REP,FAST   
/DIST, 1 ,1.082226,1
/REP,FAST   
/DIST, 1 ,1.082226,1
/REP,FAST   
/DIST, 1 ,1.082226,1
/REP,FAST   
/DIST, 1 ,1.082226,1
/REP,FAST   
/DIST, 1 ,1.082226,1
/REP,FAST   
/DIST, 1 ,1.082226,1
/REP,FAST   
/DIST, 1 ,1.082226,1
/REP,FAST   
/DIST, 1 ,1.082226,1
/REP,FAST   
PLDISP,1
/SHOW,WIN32C
SET,FIRST   
/PLOPTS,INFO,3  
/PNUM,MAT,1 
/NUMBER,1   
/REPLOT,RESIZE  
PLNSOL,S,EQV
PLNSOL,S,EQV
PLNSOL,S,EQV
/DIST, 1 ,1.082226,1
/REP,FAST   
/DIST, 1 ,1.082226,1
/REP,FAST   
/DIST, 1 ,1.082226,1
/REP,FAST   
/DIST, 1 ,1.082226,1
/REP,FAST   
/DIST, 1 ,1.082226,1
/REP,FAST   
/DIST, 1 ,1.082226,1
/REP,FAST   
/DIST, 1 ,0.924021,1
/REP,FAST   
/DIST, 1 ,0.924021,1
/REP,FAST   
/DIST, 1 ,0.924021,1
/REP,FAST   
/DIST, 1 ,0.924021,1
/REP,FAST   
/DIST, 1 ,0.924021,1
/REP,FAST   
/DIST, 1 ,0.924021,1
/REP,FAST   
/DIST, 1 ,0.924021,1
/REP,FAST   
/DIST, 1 ,0.924021,1
/REP,FAST   
/DIST, 1 ,0.924021,1
/REP,FAST   
/DIST, 1 ,0.924021,1
/REP,FAST   
/DIST, 1 ,0.924021,1
/REP,FAST   
/DIST, 1 ,0.924021,1
/REP,FAST   
/DIST, 1 ,0.924021,1
/REP,FAST   
/DIST, 1 ,0.924021,1
/REP,FAST   
/DIST, 1 ,0.924021,1
/REP,FAST   
/DIST, 1 ,0.924021,1
/REP,FAST   
/DIST, 1 ,0.924021,1
/REP,FAST   
/DIST, 1 ,0.924021,1
/REP,FAST   
/DIST, 1 ,1.082226,1
/REP,FAST   
/DIST, 1 ,1.082226,1
/REP,FAST   
/DIST, 1 ,1.082226,1
/REP,FAST   
/DIST, 1 ,1.082226,1
/REP,FAST   
/DIST, 1 ,1.082226,1
/REP,FAST   
/DIST, 1 ,1.082226,1
/REP,FAST   
/DIST, 1 ,1.082226,1
/REP,FAST   
/DIST, 1 ,1.082226,1
/REP,FAST   
/DIST, 1 ,1.082226,1
/REP,FAST   
/DIST, 1 ,1.082226,1
/REP,FAST   
/DIST, 1 ,1.082226,1
/REP,FAST   
/DIST, 1 ,1.082226,1
/REP,FAST   
/DIST, 1 ,0.924021,1
/REP,FAST   
/DIST, 1 ,0.924021,1
/REP,FAST   
/DIST, 1 ,0.924021,1
/REP,FAST   
/DIST, 1 ,0.924021,1
/REP,FAST   
/DIST, 1 ,0.924021,1
/REP,FAST   
/DIST, 1 ,0.924021,1
/REP,FAST   
/DIST, 1 ,0.924021,1
/REP,FAST   
/DIST, 1 ,0.924021,1
/REP,FAST   
/DIST, 1 ,0.924021,1
/REP,FAST   
/DIST, 1 ,0.924021,1
/REP,FAST   
/DIST, 1 ,0.924021,1
/REP,FAST   
/DIST, 1 ,0.924021,1
/REP,FAST   
/DIST, 1 ,0.924021,1
/REP,FAST   
/DIST, 1 ,0.924021,1
/REP,FAST   
/DIST, 1 ,0.924021,1
/REP,FAST   
/DIST, 1 ,0.924021,1
/REP,FAST   
/DIST, 1 ,0.924021,1
/REP,FAST   
/DIST, 1 ,0.924021,1
/REP,FAST   
/DIST, 1 ,0.924021,1
/REP,FAST   
/DIST, 1 ,0.924021,1
/REP,FAST   
/DIST, 1 ,0.924021,1
/REP,FAST   
/DIST, 1 ,0.924021,1
/REP,FAST   
/DIST, 1 ,0.924021,1
/REP,FAST   
/DIST, 1 ,1.082226,1
/REP,FAST   
/DIST, 1 ,1.082226,1
/REP,FAST   
/DIST, 1 ,1.082226,1
/REP,FAST   
/DIST, 1 ,1.082226,1
/REP,FAST   
/DIST, 1 ,1.082226,1
/REP,FAST   
/DIST, 1 ,1.082226,1
/REP,FAST   
/DIST, 1 ,1.082226,1
/REP,FAST   
/DIST, 1 ,1.082226,1
/REP,FAST   
/DIST, 1 ,1.082226,1
/REP,FAST   
/DIST, 1 ,1.082226,1
/REP,FAST   
/DIST, 1 ,1.082226,1
/REP,FAST   
/DIST, 1 ,1.082226,1
/REP,FAST   
/DIST, 1 ,1.082226,1
/REP,FAST   
/DIST, 1 ,1.082226,1
/REP,FAST   
/DIST, 1 ,1.082226,1
/REP,FAST   
/DIST, 1 ,1.082226,1
/REP,FAST   
/DIST, 1 ,1.082226,1
/REP,FAST   
/DIST, 1 ,1.082226,1
/REP,FAST   
/DIST, 1 ,1.082226,1
/REP,FAST   
/DIST, 1 ,1.082226,1
/REP,FAST   
/DIST, 1 ,1.082226,1
/REP,FAST   
/DIST, 1 ,1.082226,1
/REP,FAST   
/DIST, 1 ,1.082226,1
/REP,FAST   
/DIST, 1 ,0.924021,1
/REP,FAST   
/DIST, 1 ,0.924021,1
/REP,FAST   
PLNSOL,S,EQV
PLNSOL,S,EQV
PLNSOL,S,EQV
PLNSOL,S,EQV
! /UIS,ABORT,1  
/SHOW,WIN32 
/REPLOT,RESIZE  
/DIST, 1 ,0.924021,1
/REP,FAST   
/DIST, 1 ,0.924021,1
/REP,FAST   
/DIST, 1 ,0.924021,1
/REP,FAST   
/DIST, 1 ,0.924021,1
/REP,FAST   
/DIST, 1 ,0.924021,1
/REP,FAST   
/DIST, 1 ,0.924021,1
/REP,FAST   
/DIST, 1 ,0.924021,1
/REP,FAST   
/DIST, 1 ,0.924021,1
/REP,FAST   
/DIST, 1 ,0.924021,1
/REP,FAST   
/DIST, 1 ,0.924021,1
/REP,FAST   
/DIST, 1 ,0.924021,1
/REP,FAST   
/DIST, 1 ,0.924021,1
/REP,FAST   
/DIST, 1 ,0.924021,1
/REP,FAST   
/DIST, 1 ,0.924021,1
/REP,FAST   
/DIST, 1 ,0.924021,1
/REP,FAST   
/DIST, 1 ,0.924021,1
/REP,FAST   
/DIST, 1 ,0.924021,1
/REP,FAST   
/DIST, 1 ,0.924021,1
/REP,FAST   
/DIST, 1 ,0.924021,1
/REP,FAST   
/DIST, 1 ,0.924021,1
/REP,FAST   
/DIST, 1 ,0.924021,1
/REP,FAST   
/DIST, 1 ,0.924021,1
/REP,FAST   
/DIST, 1 ,1.082226,1
/REP,FAST   
/DIST, 1 ,1.082226,1
/REP,FAST   
/DIST, 1 ,1.082226,1
/REP,FAST   
/DIST, 1 ,1.082226,1
/REP,FAST   
/DIST, 1 ,1.082226,1
/REP,FAST   
/DIST, 1 ,1.082226,1
/REP,FAST   
/DIST, 1 ,1.082226,1
/REP,FAST   
/DIST, 1 ,1.082226,1
/REP,FAST   
/DIST, 1 ,1.082226,1
/REP,FAST   
/DIST, 1 ,1.082226,1
/REP,FAST   
/DIST, 1 ,1.082226,1
/REP,FAST   
/DIST, 1 ,1.082226,1
/REP,FAST   
/DIST, 1 ,1.082226,1
/REP,FAST   
/DIST, 1 ,1.082226,1
/REP,FAST   
/DIST, 1 ,1.082226,1
/REP,FAST   
/DIST, 1 ,1.082226,1
/REP,FAST   
/DIST, 1 ,1.082226,1
/REP,FAST   
/DIST, 1 ,1.082226,1
/REP,FAST   
/DIST, 1 ,1.082226,1
/REP,FAST   
/DIST, 1 ,1.082226,1
/REP,FAST   
/DIST, 1 ,1.082226,1
/REP,FAST   
/DIST, 1 ,1.082226,1
/REP,FAST   
SAVE
SAVE
SAVE
SAVE
SAVE
RAPPND,1, , 
FINISH  
/SOL
FINISH  
/PREP7  
/DIST, 1 ,1.082226,1
/REP,FAST   
/DIST, 1 ,1.082226,1
/REP,FAST   
/DIST, 1 ,1.082226,1
/REP,FAST   
/DIST, 1 ,1.082226,1
/REP,FAST   
/DIST, 1 ,0.924021,1
/REP,FAST   
/DIST, 1 ,0.924021,1
/REP,FAST   
/DIST, 1 ,0.924021,1
/REP,FAST   
/DIST, 1 ,0.924021,1
/REP,FAST   
/DIST, 1 ,0.924021,1
/REP,FAST   
/DIST, 1 ,0.924021,1
/REP,FAST   
/DIST, 1 ,0.924021,1
/REP,FAST   
/DIST, 1 ,0.924021,1
/REP,FAST   
/DIST, 1 ,0.924021,1
/REP,FAST   
/DIST, 1 ,0.924021,1
/REP,FAST   
/DIST, 1 ,0.924021,1
/REP,FAST   
/DIST, 1 ,0.924021,1
/REP,FAST   
/DIST, 1 ,1.082226,1
/REP,FAST   
/DIST, 1 ,1.082226,1
/REP,FAST   
/DIST, 1 ,1.082226,1
/REP,FAST   
/DIST, 1 ,1.082226,1
/REP,FAST   
/DIST, 1 ,1.082226,1
/REP,FAST   
/DIST, 1 ,1.082226,1
/REP,FAST   
/DIST, 1 ,1.082226,1
/REP,FAST   
/DIST, 1 ,1.082226,1
/REP,FAST   
/DIST, 1 ,1.082226,1
/REP,FAST   
/DIST, 1 ,1.082226,1
/REP,FAST   
/DIST, 1 ,1.082226,1
/REP,FAST   
/DIST, 1 ,1.082226,1
/REP,FAST   
/DIST, 1 ,0.924021,1
/REP,FAST   
/DIST, 1 ,0.924021,1
/REP,FAST   
/DIST, 1 ,0.924021,1
/REP,FAST   
/DIST, 1 ,0.924021,1
/REP,FAST   
/DIST, 1 ,0.924021,1
/REP,FAST   
/DIST, 1 ,0.924021,1
/REP,FAST   
/DIST, 1 ,0.924021,1
/REP,FAST   
/DIST, 1 ,0.924021,1
/REP,FAST   
/DIST, 1 ,0.924021,1
/REP,FAST   
/DIST, 1 ,0.924021,1
/REP,FAST   
/DIST, 1 ,1.082226,1
/REP,FAST   
/DIST, 1 ,1.082226,1
/REP,FAST   
/DIST, 1 ,1.082226,1
/REP,FAST   
/DIST, 1 ,1.082226,1
/REP,FAST   
/DIST, 1 ,1.082226,1
/REP,FAST   
/DIST, 1 ,1.082226,1
/REP,FAST   
FLST,2,3,3,ORDE,2   
FITEM,2,4   
FITEM,2,-6  
!*  
/GO 
FK,P51X,FZ,-1000
FLST,2,3,3,ORDE,2   
FITEM,2,1   
FITEM,2,-3  
!*  
/GO 
DK,P51X, , , ,0,ALL, , , , , ,  
FINISH  
/POST1  
FINISH  
/SOL
/STATUS,SOLU
SOLVE   
FINISH  
/POST1  
FINISH  
/SOL
NSUBST,20,0,0   
/STATUS,SOLU
SOLVE   
NSUBST,20,20,20 
/STATUS,SOLU
SOLVE   
/DIST, 1 ,1.082226,1
/REP,FAST   
/DIST, 1 ,1.082226,1
/REP,FAST   
/DIST, 1 ,1.082226,1
/REP,FAST   
/DIST, 1 ,1.082226,1
/REP,FAST   
/DIST, 1 ,1.082226,1
/REP,FAST   
/DIST, 1 ,1.082226,1
/REP,FAST   
/DIST, 1 ,1.082226,1
/REP,FAST   
/DIST, 1 ,1.082226,1
/REP,FAST   
/DIST, 1 ,1.082226,1
/REP,FAST   
/DIST, 1 ,1.082226,1
/REP,FAST   
/DIST, 1 ,0.924021,1
/REP,FAST   
/DIST, 1 ,0.924021,1
/REP,FAST   
/DIST, 1 ,0.924021,1
/REP,FAST   
/DIST, 1 ,0.924021,1
/REP,FAST   
/DIST, 1 ,0.924021,1
/REP,FAST   
/DIST, 1 ,0.924021,1
/REP,FAST   
/DIST, 1 ,0.924021,1
/REP,FAST   
/DIST, 1 ,0.924021,1
/REP,FAST   
/DIST, 1 ,0.924021,1
/REP,FAST   
/DIST, 1 ,0.924021,1
/REP,FAST   
/DIST, 1 ,0.924021,1
/REP,FAST   
/DIST, 1 ,0.924021,1
/REP,FAST   
/DIST, 1 ,0.924021,1
/REP,FAST   
/DIST, 1 ,0.924021,1
/REP,FAST   
/DIST, 1 ,0.924021,1
/REP,FAST   
/DIST, 1 ,0.924021,1
/REP,FAST   
/DIST, 1 ,0.924021,1
/REP,FAST   
/DIST, 1 ,1.082226,1
/REP,FAST   
/DIST, 1 ,1.082226,1
/REP,FAST   
/DIST, 1 ,1.082226,1
/REP,FAST   
/DIST, 1 ,1.082226,1
/REP,FAST   
/DIST, 1 ,1.082226,1
/REP,FAST   
/DIST, 1 ,1.082226,1
/REP,FAST   
/DIST, 1 ,1.082226,1
/REP,FAST   
/DIST, 1 ,1.082226,1
/REP,FAST   
/DIST, 1 ,1.082226,1
/REP,FAST   
/DIST, 1 ,1.082226,1
/REP,FAST   
/DIST, 1 ,1.082226,1
/REP,FAST   
/DIST, 1 ,1.082226,1
/REP,FAST   
/DIST, 1 ,1.082226,1
/REP,FAST   
/DIST, 1 ,0.924021,1
/REP,FAST   
/DIST, 1 ,0.924021,1
/REP,FAST   
/DIST, 1 ,0.924021,1
/REP,FAST   
FINISH  
/POST1  
/SHOW,WIN32C
SET,FIRST   
/PLOPTS,INFO,3  
/PNUM,MAT,1 
/NUMBER,1   
/REPLOT,RESIZE  
PLNSOL,S,EQV
PLDISP,1
!*  
ANDSCL,50,0.5   
/DIST, 1 ,1.082226,1
/REP,FAST   
/DIST, 1 ,1.082226,1
/REP,FAST   
/DIST, 1 ,1.082226,1
/REP,FAST   
/DIST, 1 ,1.082226,1
/REP,FAST   
/DIST, 1 ,1.082226,1
/REP,FAST   
/DIST, 1 ,1.082226,1
/REP,FAST   
/DIST, 1 ,1.082226,1
/REP,FAST   
/DIST, 1 ,0.924021,1
/REP,FAST   
/DIST, 1 ,1.082226,1
/REP,FAST   
PLDISP,1
!*  
ANDSCL,50,0.5   
SET,,,,,,,2 
PLNSOL,S,EQV
SET,,,,,,,1 
PLNSOL,S,EQV
SET,,,,,,,2 
PLNSOL,S,EQV
SET,,,,,,,1 
PLNSOL,S,EQV
SET,,,,,,,2 
PLNSOL,S,EQV
SET,,,,,,,1 
PLNSOL,S,EQV
SET,,,,,,,2 
PLNSOL,S,EQV
SET,,,,,,,1 
PLNSOL,S,EQV
SET,,,,,,,2 
PLNSOL,S,EQV
SET,,,,,,,1 
PLNSOL,S,EQV
SET,,,,,,,2 
PLNSOL,S,EQV
SET,,,,,,,1 
PLNSOL,S,EQV
SET,,,,,,,2 
PLNSOL,S,EQV
SET,,,,,,,1 
PLNSOL,S,EQV
SET,,,,,,,2 
PLNSOL,S,EQV
SET,,,,,,,1 
PLNSOL,S,EQV
SET,,,,,,,2 
PLNSOL,S,EQV
SET,,,,,,,1 
PLNSOL,S,EQV
SET,,,,,,,2 
PLNSOL,S,EQV
SET,,,,,,,1 
PLNSOL,S,EQV
SET,,,,,,,2 
PLNSOL,S,EQV
SET,,,,,,,1 
PLNSOL,S,EQV
SET,,,,,,,2 
PLNSOL,S,EQV
SET,,,,,,,1 
PLNSOL,S,EQV
SET,,,,,,,2 
PLNSOL,S,EQV
SET,,,,,,,1 
PLNSOL,S,EQV
SET,,,,,,,2 
PLNSOL,S,EQV
SET,,,,,,,1 
PLNSOL,S,EQV
SET,,,,,,,2 
PLNSOL,S,EQV
SET,,,,,,,1 
PLNSOL,S,EQV
SET,,,,,,,2 
PLNSOL,S,EQV
SET,,,,,,,1 
PLNSOL,S,EQV
! /UIS,ABORT,1  
/SHOW,WIN32 
/REPLOT,RESIZE  
FINISH  
/SOL
NSUBST,20,20,0  
PSTRES,1
/DIST, 1 ,1.082226,1
/REP,FAST   
/DIST, 1 ,1.082226,1
/REP,FAST   
/DIST, 1 ,1.082226,1
/REP,FAST   
/DIST, 1 ,1.082226,1
/REP,FAST   
/DIST, 1 ,1.082226,1
/REP,FAST   
/DIST, 1 ,1.082226,1
/REP,FAST   
/DIST, 1 ,1.082226,1
/REP,FAST   
/DIST, 1 ,1.082226,1
/REP,FAST   
/DIST, 1 ,1.082226,1
/REP,FAST   
/DIST, 1 ,1.082226,1
/REP,FAST   
/DIST, 1 ,1.082226,1
/REP,FAST   
/DIST, 1 ,1.082226,1
/REP,FAST   
/DIST, 1 ,1.082226,1
/REP,FAST   
/DIST, 1 ,1.082226,1
/REP,FAST   
/DIST, 1 ,1.082226,1
/REP,FAST   
/DIST, 1 ,1.082226,1
/REP,FAST   
/DIST, 1 ,1.082226,1
/REP,FAST   
/DIST, 1 ,1.082226,1
/REP,FAST   
/DIST, 1 ,1.082226,1
/REP,FAST   
/DIST, 1 ,1.082226,1
/REP,FAST   
/DIST, 1 ,1.082226,1
/REP,FAST   
/DIST, 1 ,1.082226,1
/REP,FAST   
/DIST, 1 ,1.082226,1
/REP,FAST   
/DIST, 1 ,1.082226,1
/REP,FAST   
/DIST, 1 ,1.082226,1
/REP,FAST   
/DIST, 1 ,1.082226,1
/REP,FAST   
/DIST, 1 ,0.924021,1
/REP,FAST   
/DIST, 1 ,0.924021,1
/REP,FAST   
/DIST, 1 ,0.924021,1
/REP,FAST   
/DIST, 1 ,0.924021,1
/REP,FAST   
/DIST, 1 ,0.924021,1
/REP,FAST   
/DIST, 1 ,0.924021,1
/REP,FAST   
/DIST, 1 ,0.924021,1
/REP,FAST   
/DIST, 1 ,0.924021,1
/REP,FAST   
/DIST, 1 ,0.924021,1
/REP,FAST   
/DIST, 1 ,0.924021,1
/REP,FAST   
/DIST, 1 ,0.924021,1
/REP,FAST   
/DIST, 1 ,0.924021,1
/REP,FAST   
/DIST, 1 ,0.924021,1
/REP,FAST   
/DIST, 1 ,0.924021,1
/REP,FAST   
/DIST, 1 ,0.924021,1
/REP,FAST   
/DIST, 1 ,0.924021,1
/REP,FAST   
/DIST, 1 ,0.924021,1
/REP,FAST   
/DIST, 1 ,0.924021,1
/REP,FAST   
/DIST, 1 ,0.924021,1
/REP,FAST   
/DIST, 1 ,0.924021,1
/REP,FAST   
/DIST, 1 ,0.924021,1
/REP,FAST   
/DIST, 1 ,0.924021,1
/REP,FAST   
/DIST, 1 ,0.924021,1
/REP,FAST   
/DIST, 1 ,0.924021,1
/REP,FAST   
/DIST, 1 ,0.924021,1
/REP,FAST   
/DIST, 1 ,0.924021,1
/REP,FAST   
/DIST, 1 ,0.924021,1
/REP,FAST   
/DIST, 1 ,0.924021,1
/REP,FAST   
/DIST, 1 ,0.924021,1
/REP,FAST   
/DIST, 1 ,0.924021,1
/REP,FAST   
/DIST, 1 ,0.924021,1
/REP,FAST   
/DIST, 1 ,0.924021,1
/REP,FAST   
/DIST, 1 ,0.924021,1
/REP,FAST   
/DIST, 1 ,0.924021,1
/REP,FAST   
/DIST, 1 ,0.924021,1
/REP,FAST   
/DIST, 1 ,0.924021,1
/REP,FAST   
/DIST, 1 ,0.924021,1
/REP,FAST   
/DIST, 1 ,0.924021,1
/REP,FAST   
/DIST, 1 ,0.924021,1
/REP,FAST   
/DIST, 1 ,0.924021,1
/REP,FAST   
/DIST, 1 ,0.924021,1
/REP,FAST   
/DIST, 1 ,0.924021,1
/REP,FAST   
/DIST, 1 ,0.924021,1
/REP,FAST   
/DIST, 1 ,0.924021,1
/REP,FAST   
/DIST, 1 ,0.924021,1
/REP,FAST   
/DIST, 1 ,0.924021,1
/REP,FAST   
/DIST, 1 ,0.924021,1
/REP,FAST   
/DIST, 1 ,0.924021,1
/REP,FAST   
/DIST, 1 ,0.924021,1
/REP,FAST   
/DIST, 1 ,0.924021,1
/REP,FAST   
/DIST, 1 ,0.924021,1
/REP,FAST   
/DIST, 1 ,0.924021,1
/REP,FAST   
/DIST, 1 ,0.924021,1
/REP,FAST   
/DIST, 1 ,0.924021,1
/REP,FAST   
/DIST, 1 ,0.924021,1
/REP,FAST   
/DIST, 1 ,0.924021,1
/REP,FAST   
/DIST, 1 ,0.924021,1
/REP,FAST   
/DIST, 1 ,0.924021,1
/REP,FAST   
/DIST, 1 ,0.924021,1
/REP,FAST   
/DIST, 1 ,0.924021,1
/REP,FAST   
/DIST, 1 ,0.924021,1
/REP,FAST   
/DIST, 1 ,0.924021,1
/REP,FAST   
/DIST, 1 ,0.924021,1
/REP,FAST   
/DIST, 1 ,0.924021,1
/REP,FAST   
/DIST, 1 ,1.082226,1
/REP,FAST   
/DIST, 1 ,1.082226,1
/REP,FAST   
/DIST, 1 ,1.082226,1
/REP,FAST   
/DIST, 1 ,1.082226,1
/REP,FAST   
/DIST, 1 ,1.082226,1
/REP,FAST   
/DIST, 1 ,1.082226,1
/REP,FAST   
/DIST, 1 ,1.082226,1
/REP,FAST   
/DIST, 1 ,1.082226,1
/REP,FAST   
/DIST, 1 ,1.082226,1
/REP,FAST   
/DIST, 1 ,1.082226,1
/REP,FAST   
/DIST, 1 ,1.082226,1
/REP,FAST   
/DIST, 1 ,1.082226,1
/REP,FAST   
/DIST, 1 ,1.082226,1
/REP,FAST   
/DIST, 1 ,1.082226,1
/REP,FAST   
/DIST, 1 ,1.082226,1
/REP,FAST   
/DIST, 1 ,1.082226,1
/REP,FAST   
/DIST, 1 ,1.082226,1
/REP,FAST   
/DIST, 1 ,1.082226,1
/REP,FAST   
/DIST, 1 ,1.082226,1
/REP,FAST   
/DIST, 1 ,1.082226,1
/REP,FAST   
/DIST, 1 ,1.082226,1
/REP,FAST   
/DIST, 1 ,1.082226,1
/REP,FAST   
/DIST, 1 ,1.082226,1
/REP,FAST   
/DIST, 1 ,1.082226,1
/REP,FAST   
/DIST, 1 ,1.082226,1
/REP,FAST   
/DIST, 1 ,1.082226,1
/REP,FAST   
/DIST, 1 ,1.082226,1
/REP,FAST   
/DIST, 1 ,1.082226,1
/REP,FAST   
/DIST, 1 ,1.082226,1
/REP,FAST   
/DIST, 1 ,1.082226,1
/REP,FAST   
/DIST, 1 ,1.082226,1
/REP,FAST   
/DIST, 1 ,1.082226,1
/REP,FAST   
/DIST, 1 ,1.082226,1
/REP,FAST   
/DIST, 1 ,1.082226,1
/REP,FAST   
/DIST, 1 ,1.082226,1
/REP,FAST   
/DIST, 1 ,1.082226,1
/REP,FAST   
/DIST, 1 ,1.082226,1
/REP,FAST   
/DIST, 1 ,1.082226,1
/REP,FAST   
FINISH  
/POST1  
FINISH  
/SOL
LSCLEAR,ALL 
/DIST, 1 ,1.082226,1
/REP,FAST   
/DIST, 1 ,1.082226,1
/REP,FAST   
/DIST, 1 ,1.082226,1
/REP,FAST   
/DIST, 1 ,1.082226,1
/REP,FAST   
/DIST, 1 ,1.082226,1
/REP,FAST   
/DIST, 1 ,1.082226,1
/REP,FAST   
/DIST, 1 ,1.082226,1
/REP,FAST   
/DIST, 1 ,1.082226,1
/REP,FAST   
/DIST, 1 ,1.082226,1
/REP,FAST   
/DIST, 1 ,0.924021,1
/REP,FAST   
/DIST, 1 ,0.924021,1
/REP,FAST   
/DIST, 1 ,0.924021,1
/REP,FAST   
/DIST, 1 ,0.924021,1
/REP,FAST   
/DIST, 1 ,0.924021,1
/REP,FAST   
/DIST, 1 ,0.924021,1
/REP,FAST   
/DIST, 1 ,0.924021,1
/REP,FAST   
/DIST, 1 ,0.924021,1
/REP,FAST   
/DIST, 1 ,0.924021,1
/REP,FAST   
/DIST, 1 ,0.924021,1
/REP,FAST   
/DIST, 1 ,0.924021,1
/REP,FAST   
/DIST, 1 ,0.924021,1
/REP,FAST   
/DIST, 1 ,0.924021,1
/REP,FAST   
/DIST, 1 ,0.924021,1
/REP,FAST   
/DIST, 1 ,0.924021,1
/REP,FAST   
/DIST, 1 ,0.924021,1
/REP,FAST   
/DIST, 1 ,0.924021,1
/REP,FAST   
/DIST, 1 ,0.924021,1
/REP,FAST   
/DIST, 1 ,0.924021,1
/REP,FAST   
/DIST, 1 ,1.082226,1
/REP,FAST   
/DIST, 1 ,1.082226,1
/REP,FAST   
/DIST, 1 ,1.082226,1
/REP,FAST   
/DIST, 1 ,1.082226,1
/REP,FAST   
/DIST, 1 ,1.082226,1
/REP,FAST   
FLST,2,3,3,ORDE,2   
FITEM,2,1   
FITEM,2,-3  
!*  
/GO 
DK,P51X, , , ,0,ALL, , , , , ,  
FLST,2,3,3,ORDE,2   
FITEM,2,4   
FITEM,2,-6  
!*  
/GO 
FK,P51X,FZ,-1000
/STATUS,SOLU
SOLVE   
/STATUS,SOLU
SOLVE   
FINISH  
/PREP7  
LSCLEAR,ALL 
FKDELE,ALL,ALL  
FDELE,ALL,ALL   
/DIST, 1 ,1.082226,1
/REP,FAST   
/DIST, 1 ,1.082226,1
/REP,FAST   
/DIST, 1 ,1.082226,1
/REP,FAST   
/DIST, 1 ,1.082226,1
/REP,FAST   
/DIST, 1 ,1.082226,1
/REP,FAST   
/DIST, 1 ,1.082226,1
/REP,FAST   
/DIST, 1 ,1.082226,1
/REP,FAST   
/DIST, 1 ,1.082226,1
/REP,FAST   
/DIST, 1 ,1.082226,1
/REP,FAST   
/DIST, 1 ,1.082226,1
/REP,FAST   
/DIST, 1 ,1.082226,1
/REP,FAST   
/DIST, 1 ,1.082226,1
/REP,FAST   
/DIST, 1 ,0.924021,1
/REP,FAST   
/DIST, 1 ,0.924021,1
/REP,FAST   
/DIST, 1 ,0.924021,1
/REP,FAST   
/DIST, 1 ,0.924021,1
/REP,FAST   
/DIST, 1 ,0.924021,1
/REP,FAST   
/DIST, 1 ,0.924021,1
/REP,FAST   
/DIST, 1 ,0.924021,1
/REP,FAST   
/DIST, 1 ,0.924021,1
/REP,FAST   
/DIST, 1 ,0.924021,1
/REP,FAST   
/DIST, 1 ,0.924021,1
/REP,FAST   
/DIST, 1 ,0.924021,1
/REP,FAST   
/DIST, 1 ,0.924021,1
/REP,FAST   
/DIST, 1 ,0.924021,1
/REP,FAST   
/DIST, 1 ,0.924021,1
/REP,FAST   
/DIST, 1 ,0.924021,1
/REP,FAST   
/DIST, 1 ,0.924021,1
/REP,FAST   
/DIST, 1 ,0.924021,1
/REP,FAST   
/DIST, 1 ,0.924021,1
/REP,FAST   
/DIST, 1 ,1.082226,1
/REP,FAST   
/DIST, 1 ,1.082226,1
/REP,FAST   
/DIST, 1 ,1.082226,1
/REP,FAST   
/DIST, 1 ,1.082226,1
/REP,FAST   
/DIST, 1 ,1.082226,1
/REP,FAST   
/DIST, 1 ,1.082226,1
/REP,FAST   
/DIST, 1 ,1.082226,1
/REP,FAST   
/DIST, 1 ,1.082226,1
/REP,FAST   
/DIST, 1 ,1.082226,1
/REP,FAST   
/DIST, 1 ,1.082226,1
/REP,FAST   
/DIST, 1 ,1.082226,1
/REP,FAST   
FINISH  
/SOL
/STATUS,SOLU
SOLVE   
FINISH  
/PREP7  
FLST,2,3,3,ORDE,2   
FITEM,2,4   
FITEM,2,-6  
!*  
/GO 
FK,P51X,FZ,-1000
FLST,2,3,3,ORDE,2   
FITEM,2,1   
FITEM,2,-3  
!*  
/GO 
DK,P51X, , , ,0,ALL, , , , , ,  
FINISH  
/SOL
/STATUS,SOLU
SOLVE   
FINISH  
/POST1  
PLDISP,1
!*  
/EFACET,1   
PLNSOL, S,EQV, 1,1.0
/DIST, 1 ,1.082226,1
/REP,FAST   
/DIST, 1 ,1.082226,1
/REP,FAST   
/DIST, 1 ,1.082226,1
/REP,FAST   
/DIST, 1 ,1.082226,1
/REP,FAST   
/DIST, 1 ,1.082226,1
/REP,FAST   
/DIST, 1 ,1.082226,1
/REP,FAST   
/DIST, 1 ,1.082226,1
/REP,FAST   
/DIST, 1 ,1.082226,1
/REP,FAST   
/DIST, 1 ,1.082226,1
/REP,FAST   
/DIST, 1 ,1.082226,1
/REP,FAST   
/DIST, 1 ,0.924021,1
/REP,FAST   
/DIST, 1 ,0.924021,1
/REP,FAST   
/DIST, 1 ,0.924021,1
/REP,FAST   
/DIST, 1 ,0.924021,1
/REP,FAST   
/DIST, 1 ,0.924021,1
/REP,FAST   
/DIST, 1 ,0.924021,1
/REP,FAST   
/DIST, 1 ,0.924021,1
/REP,FAST   
/DIST, 1 ,0.924021,1
/REP,FAST   
/DIST, 1 ,0.924021,1
/REP,FAST   
/DIST, 1 ,0.924021,1
/REP,FAST   
/DIST, 1 ,0.924021,1
/REP,FAST   
/DIST, 1 ,0.924021,1
/REP,FAST   
/DIST, 1 ,0.924021,1
/REP,FAST   
/DIST, 1 ,0.924021,1
/REP,FAST   
/DIST, 1 ,0.924021,1
/REP,FAST   
/DIST, 1 ,0.924021,1
/REP,FAST   
/DIST, 1 ,0.924021,1
/REP,FAST   
/DIST, 1 ,0.924021,1
/REP,FAST   
/DIST, 1 ,0.924021,1
/REP,FAST   
/DIST, 1 ,0.924021,1
/REP,FAST   
/DIST, 1 ,0.924021,1
/REP,FAST   
/DIST, 1 ,0.924021,1
/REP,FAST   
/DIST, 1 ,0.924021,1
/REP,FAST   
/DIST, 1 ,0.924021,1
/REP,FAST   
/DIST, 1 ,0.924021,1
/REP,FAST   
/DIST, 1 ,0.924021,1
/REP,FAST   
/DIST, 1 ,0.924021,1
/REP,FAST   
/DIST, 1 ,0.924021,1
/REP,FAST   
/DIST, 1 ,0.924021,1
/REP,FAST   
/DIST, 1 ,0.924021,1
/REP,FAST   
/DIST, 1 ,0.924021,1
/REP,FAST   
/DIST, 1 ,0.924021,1
/REP,FAST   
/DIST, 1 ,0.924021,1
/REP,FAST   
/DIST, 1 ,0.924021,1
/REP,FAST   
/DIST, 1 ,0.924021,1
/REP,FAST   
/DIST, 1 ,1.082226,1
/REP,FAST   
/DIST, 1 ,1.082226,1
/REP,FAST   
/DIST, 1 ,1.082226,1
/REP,FAST   
/DIST, 1 ,1.082226,1
/REP,FAST   
/DIST, 1 ,1.082226,1
/REP,FAST   
/DIST, 1 ,1.082226,1
/REP,FAST   
/DIST, 1 ,1.082226,1
/REP,FAST   
/DIST, 1 ,1.082226,1
/REP,FAST   
/DIST, 1 ,1.082226,1
/REP,FAST   
/DIST, 1 ,1.082226,1
/REP,FAST   
/DIST, 1 ,1.082226,1
/REP,FAST   
/DIST, 1 ,1.082226,1
/REP,FAST   
/DIST, 1 ,1.082226,1
/REP,FAST   
/DIST, 1 ,1.082226,1
/REP,FAST   
/DIST, 1 ,1.082226,1
/REP,FAST   
/DIST, 1 ,1.082226,1
/REP,FAST   
/DIST, 1 ,1.082226,1
/REP,FAST   
/DIST, 1 ,0.924021,1
/REP,FAST   
/DIST, 1 ,0.924021,1
/REP,FAST   
/DIST, 1 ,0.924021,1
/REP,FAST   
/DIST, 1 ,0.924021,1
/REP,FAST   
/DIST, 1 ,1.082226,1
/REP,FAST   
/DIST, 1 ,1.082226,1
/REP,FAST   
/DIST, 1 ,1.082226,1
/REP,FAST   
/DIST, 1 ,1.082226,1
/REP,FAST   
/DIST, 1 ,1.082226,1
/REP,FAST   
/DIST, 1 ,1.082226,1
/REP,FAST   
/DIST, 1 ,1.082226,1
/REP,FAST   
/DIST, 1 ,1.082226,1
/REP,FAST   
/DIST, 1 ,1.082226,1
/REP,FAST   
/DIST, 1 ,0.924021,1
/REP,FAST   
/DIST, 1 ,0.924021,1
/REP,FAST   
/DIST, 1 ,0.924021,1
/REP,FAST   
/DIST, 1 ,0.924021,1
/REP,FAST   
/DIST, 1 ,0.924021,1
/REP,FAST   
/DIST, 1 ,0.924021,1
/REP,FAST   
/DIST, 1 ,1.082226,1
/REP,FAST   
/DIST, 1 ,1.082226,1
/REP,FAST   
/DIST, 1 ,1.082226,1
/REP,FAST   
/DIST, 1 ,1.082226,1
/REP,FAST   
/DIST, 1 ,1.082226,1
/REP,FAST   
/DIST, 1 ,1.082226,1
/REP,FAST   
/DIST, 1 ,1.082226,1
/REP,FAST   
/DIST, 1 ,0.924021,1
/REP,FAST   
/DIST, 1 ,0.924021,1
/REP,FAST   
/DIST, 1 ,0.924021,1
/REP,FAST   
/DIST, 1 ,1.082226,1
/REP,FAST   
/DIST, 1 ,1.082226,1
/REP,FAST   
/DIST, 1 ,1.082226,1
/REP,FAST   
/DIST, 1 ,0.924021,1
/REP,FAST   
/DIST, 1 ,0.924021,1
/REP,FAST   
/DIST, 1 ,0.924021,1
/REP,FAST   
/DIST, 1 ,0.924021,1
/REP,FAST   
/DIST, 1 ,0.924021,1
/REP,FAST   
/DIST, 1 ,0.924021,1
/REP,FAST   
/DIST, 1 ,0.924021,1
/REP,FAST   
/DIST, 1 ,0.924021,1
/REP,FAST   
/DIST, 1 ,0.924021,1
/REP,FAST   
/DIST, 1 ,0.924021,1
/REP,FAST   
/DIST, 1 ,0.924021,1
/REP,FAST   
/DIST, 1 ,1.082226,1
/REP,FAST   
/DIST, 1 ,1.082226,1
/REP,FAST   
/DIST, 1 ,1.082226,1
/REP,FAST   
/DIST, 1 ,1.082226,1
/REP,FAST   
/DIST, 1 ,1.082226,1
/REP,FAST   
/DIST, 1 ,1.082226,1
/REP,FAST   
/DIST, 1 ,1.082226,1
/REP,FAST   
/DIST, 1 ,1.082226,1
/REP,FAST   
/DIST, 1 ,1.082226,1
/REP,FAST   
/DIST, 1 ,1.082226,1
/REP,FAST   
/DIST, 1 ,1.082226,1
/REP,FAST   
/DIST, 1 ,1.082226,1
/REP,FAST   
/DIST, 1 ,1.082226,1
/REP,FAST   
/DIST, 1 ,0.924021,1
/REP,FAST   
/DIST, 1 ,0.924021,1
/REP,FAST   
/DIST, 1 ,0.924021,1
/REP,FAST   
!*  
PRNSOL,S,PRIN   
PRNSOL,S,PRIN   
!*  
!*  
PRNSOL,U,Z  
PRNSOL,U,Y  
/BATCH  
/COM,ANSYS RELEASE 2023 R1           BUILD 23.1      UP20221128       13:17:57
/input,menust,tmp,''
/GRA,POWER
/GST,ON
/PLO,INFO,3
/GRO,CURL,ON
/CPLANE,1   
/REPLOT,RESIZE  
WPSTYLE,,,,,,,,0
RESUME  
/COM,ANSYS RELEASE 2023 R1           BUILD 23.1      UP20221128       13:18:47
/REPLOT,RESIZE  
FINISH  
/FILNAME,tower,1
/BATCH  
/COM,ANSYS RELEASE 2023 R1           BUILD 23.1      UP20221128       16:17:38
/input,menust,tmp,''
/GRA,POWER
/GST,ON
/PLO,INFO,3
/GRO,CURL,ON
/CPLANE,1   
/REPLOT,RESIZE  
WPSTYLE,,,,,,,,0
/REPLOT,RESIZE  
RESUME  
/COM,ANSYS RELEASE 2023 R1           BUILD 23.1      UP20221128       16:17:47
/REPLOT,RESIZE  
FINISH  
/FILNAME,tower,1
/BATCH  
/COM,ANSYS RELEASE 2023 R1           BUILD 23.1      UP20221128       11:48:38
/input,menust,tmp,''
/GRA,POWER
/GST,ON
/PLO,INFO,3
/GRO,CURL,ON
/CPLANE,1   
/REPLOT,RESIZE  
WPSTYLE,,,,,,,,0
/REPLOT,RESIZE  
FINISH  
/FILNAME,tower,1
/BATCH  
/COM,ANSYS RELEASE 2023 R1           BUILD 23.1      UP20221128       13:08:12
/input,menust,tmp,''
/GRA,POWER
/GST,ON
/PLO,INFO,3
/GRO,CURL,ON
/CPLANE,1   
/REPLOT,RESIZE  
WPSTYLE,,,,,,,,0
RESUME  
/COM,ANSYS RELEASE 2023 R1           BUILD 23.1      UP20221128       13:08:16
FINISH  
/FILNAME,tower,1
