/BATCH  
/COM,ANSYS RELEASE 2023 R1           BUILD 23.1      UP20221128       13:24:26
/input,menust,tmp,''
/GRA,POWER
/GST,ON
/PLO,INFO,3
/GRO,CURL,ON
/CPLANE,1   
/REPLOT,RESIZE  
WPSTYLE,,,,,,,,0
/INPUT,'MatFile','txt','D:\Fall Sem\Tense-apdl\',, 0
/COM,ANSYS RELEASE 2023 R1           BUILD 23.1      UP20221128       13:24:48
/REPLOT,RESIZE  
/ANG,1,15,XS,1  
/REP,FAST   
/ANG,1,-15,XS,1 
/REP,FAST   
/ANG,1,-15,XS,1 
/REP,FAST   
!*  
/SHRINK,0   
/ESHAPE,1.0 
/EFACET,1   
/RATIO,1,1,1
/CFORMAT,32,0   
/REPLOT 
!*  
!*  
/SHRINK,0   
/ESHAPE,1   
/EFACET,1   
/RATIO,1,1,1
/CFORMAT,32,0   
/REPLOT 
!*  
GPLOT   
/DIST, 1 ,0.961260,1
/REP,FAST   
/DIST, 1 ,0.961260,1
/REP,FAST   
/DIST, 1 ,0.961260,1
/REP,FAST   
/DIST, 1 ,0.961260,1
/REP,FAST   
/DIST, 1 ,0.961260,1
/REP,FAST   
/DIST, 1 ,0.961260,1
/REP,FAST   
/DIST, 1 ,1.040301,1
/REP,FAST   
/DIST, 1 ,1.040301,1
/REP,FAST   
/DIST, 1 ,1.040301,1
/REP,FAST   
/DIST, 1 ,1.040301,1
/REP,FAST   
FINISH  
/PREP7  
FLST,5,3,4,ORDE,2   
FITEM,5,1   
FITEM,5,-3  
CM,_Y,LINE  
LSEL, , , ,P51X 
CM,_Y1,LINE 
CMSEL,S,_Y  
!*  
!*  
CMSEL,S,_Y1 
LATT,1, ,1, , , ,1  
CMSEL,S,_Y  
CMDELE,_Y   
CMDELE,_Y1  
!*  
FLST,5,6,4,ORDE,2   
FITEM,5,4   
FITEM,5,-9  
CM,_Y,LINE  
LSEL, , , ,P51X 
CM,_Y1,LINE 
CMSEL,S,_Y  
!*  
!*  
CMSEL,S,_Y1 
LATT,2, ,1, , , ,2  
CMSEL,S,_Y  
CMDELE,_Y   
CMDELE,_Y1  
!*  
FLST,5,9,4,ORDE,2   
FITEM,5,1   
FITEM,5,-9  
CM,_Y,LINE  
LSEL, , , ,P51X 
CM,_Y1,LINE 
CMSEL,,_Y   
!*  
LESIZE,_Y1, , ,1, , , , ,1  
!*  
FLST,2,9,4,ORDE,2   
FITEM,2,1   
FITEM,2,-9  
LMESH,P51X  
/UI,MESH,OFF
FLST,2,3,3,ORDE,2   
FITEM,2,1   
FITEM,2,-3  
!*  
/GO 
DK,P51X, , , ,0,UY, , , , , ,   
FINISH  
/SOL
/STATUS,SOLU
SOLVE   
LSCLEAR,ALL 
FLST,2,3,3,ORDE,2   
FITEM,2,1   
FITEM,2,-3  
!*  
/GO 
DK,P51X, , , ,0,ALL, , , , , ,  
/STATUS,SOLU
SOLVE   
/DIST, 1 ,0.961260,1
/REP,FAST   
/DIST, 1 ,1.040301,1
/REP,FAST   
/DIST, 1 ,0.961260,1
/REP,FAST   
/DIST, 1 ,0.961260,1
/REP,FAST   
FINISH  
/POST1  
/SHOW,WIN32C
SET,FIRST   
/PLOPTS,INFO,3  
/CONTOUR,ALL,18 
/PNUM,MAT,1 
/NUMBER,1   
/REPLOT,RESIZE  
PLNSOL,S,EQV
PLDISP,0
!*  
ANDSCL,10,0.5   
! /UIS,ABORT,1  
/SHOW,WIN32 
/REPLOT,RESIZE  
PLDISP,1
PLDISP,1
SAVE,'Element1','db','D:\Fall Sem\Tense-apdl\mat-import -apdl_files\dp0\APDL-3\ANSYS\'  
FINISH  
/PREP7  
/DIST, 1 ,0.961260,1
/REP,FAST   
/DIST, 1 ,0.961260,1
/REP,FAST   
/DIST, 1 ,0.961260,1
/REP,FAST   
/DIST, 1 ,1.040301,1
/REP,FAST   
/DIST, 1 ,1.040301,1
/REP,FAST   
/DIST, 1 ,0.961260,1
/REP,FAST   
/DIST, 1 ,0.961260,1
/REP,FAST   
/DIST, 1 ,1.040301,1
/REP,FAST   
/DIST, 1 ,1.040301,1
/REP,FAST   
/DIST, 1 ,1.040301,1
/REP,FAST   
/DIST, 1 ,1.040301,1
/REP,FAST   
FLST,2,9,4,ORDE,2   
FITEM,2,1   
FITEM,2,-9  
LCLEAR,P51X 
FLST,5,6,4,ORDE,2   
FITEM,5,4   
FITEM,5,-9  
CM,_Y,LINE  
LSEL, , , ,P51X 
CM,_Y1,LINE 
CMSEL,S,_Y  
!*  
!*  
CMSEL,S,_Y1 
LATT,2, ,1, , , ,2  
CMSEL,S,_Y  
CMDELE,_Y   
CMDELE,_Y1  
!*  
FLST,5,3,4,ORDE,2   
FITEM,5,1   
FITEM,5,-3  
CM,_Y,LINE  
LSEL, , , ,P51X 
CM,_Y1,LINE 
CMSEL,S,_Y  
!*  
!*  
CMSEL,S,_Y1 
LATT,1, ,1, , , ,1  
CMSEL,S,_Y  
CMDELE,_Y   
CMDELE,_Y1  
!*  
FLST,5,9,4,ORDE,2   
FITEM,5,1   
FITEM,5,-9  
CM,_Y,LINE  
LSEL, , , ,P51X 
CM,_Y1,LINE 
CMSEL,,_Y   
!*  
LESIZE,_Y1, , ,10, , , , ,1 
!*  
FLST,2,9,4,ORDE,2   
FITEM,2,1   
FITEM,2,-9  
LMESH,P51X  
/DIST, 1 ,0.961260,1
/REP,FAST   
/DIST, 1 ,0.961260,1
/REP,FAST   
/DIST, 1 ,1.040301,1
/REP,FAST   
/DIST, 1 ,1.040301,1
/REP,FAST   
GPLOT   
!*  
/SHRINK,0   
/ESHAPE,0.0 
/EFACET,1   
/RATIO,1,1,1
/CFORMAT,32,0   
/REPLOT 
!*  
/DIST, 1 ,0.961260,1
/REP,FAST   
/DIST, 1 ,0.961260,1
/REP,FAST   
/DIST, 1 ,1.040301,1
/REP,FAST   
/DIST, 1 ,1.040301,1
/REP,FAST   
FINISH  
/SOL
/STATUS,SOLU
SOLVE   
LSCLEAR,ALL 
FLST,2,3,3,ORDE,2   
FITEM,2,1   
FITEM,2,-3  
!*  
/GO 
DK,P51X, , , ,0,ALL, , , , , ,  
FLST,2,11,1,ORDE,2  
FITEM,2,12  
FITEM,2,-22 
IC,P51X,ALL, ,0,
FLST,2,11,1,ORDE,2  
FITEM,2,23  
FITEM,2,-33 
IC,P51X,ALL, ,0,
/DIST, 1 ,1.040301,1
/REP,FAST   
/DIST, 1 ,1.040301,1
/REP,FAST   
/DIST, 1 ,1.040301,1
/REP,FAST   
/DIST, 1 ,1.040301,1
/REP,FAST   
/DIST, 1 ,1.040301,1
/REP,FAST   
/DIST, 1 ,0.961260,1
/REP,FAST   
/DIST, 1 ,0.961260,1
/REP,FAST   
/DIST, 1 ,0.961260,1
/REP,FAST   
/DIST, 1 ,0.961260,1
/REP,FAST   
/DIST, 1 ,0.961260,1
/REP,FAST   
/DIST, 1 ,0.961260,1
/REP,FAST   
/DIST, 1 ,0.961260,1
/REP,FAST   
/DIST, 1 ,0.961260,1
/REP,FAST   
/DIST, 1 ,0.961260,1
/REP,FAST   
/DIST, 1 ,0.961260,1
/REP,FAST   
/DIST, 1 ,0.961260,1
/REP,FAST   
/DIST, 1 ,0.961260,1
/REP,FAST   
/DIST, 1 ,0.961260,1
/REP,FAST   
/DIST, 1 ,0.961260,1
/REP,FAST   
/DIST, 1 ,0.961260,1
/REP,FAST   
/DIST, 1 ,0.961260,1
/REP,FAST   
/DIST, 1 ,0.961260,1
/REP,FAST   
/DIST, 1 ,0.961260,1
/REP,FAST   
/DIST, 1 ,0.961260,1
/REP,FAST   
/DIST, 1 ,0.961260,1
/REP,FAST   
/DIST, 1 ,0.961260,1
/REP,FAST   
/DIST, 1 ,0.961260,1
/REP,FAST   
/DIST, 1 ,0.961260,1
/REP,FAST   
/DIST, 1 ,0.961260,1
/REP,FAST   
/DIST, 1 ,0.961260,1
/REP,FAST   
/DIST, 1 ,0.961260,1
/REP,FAST   
/DIST, 1 ,0.961260,1
/REP,FAST   
/DIST, 1 ,0.961260,1
/REP,FAST   
/DIST, 1 ,0.961260,1
/REP,FAST   
/DIST, 1 ,0.961260,1
/REP,FAST   
/DIST, 1 ,0.961260,1
/REP,FAST   
/DIST, 1 ,0.961260,1
/REP,FAST   
/DIST, 1 ,0.961260,1
/REP,FAST   
/DIST, 1 ,0.961260,1
/REP,FAST   
/DIST, 1 ,0.961260,1
/REP,FAST   
/DIST, 1 ,0.961260,1
/REP,FAST   
/DIST, 1 ,0.961260,1
/REP,FAST   
/DIST, 1 ,0.961260,1
/REP,FAST   
/DIST, 1 ,0.961260,1
/REP,FAST   
/FOC,1,,0.15,,1 
/REP,FAST   
/FOC,1,,0.15,,1 
/REP,FAST   
/FOC,1,,0.15,,1 
/REP,FAST   
/FOC,1,,0.15,,1 
/REP,FAST   
/DIST, 1 ,0.961260,1
/REP,FAST   
/DIST, 1 ,0.961260,1
/REP,FAST   
/DIST, 1 ,0.961260,1
/REP,FAST   
/DIST, 1 ,0.961260,1
/REP,FAST   
/DIST, 1 ,0.961260,1
/REP,FAST   
/DIST, 1 ,0.961260,1
/REP,FAST   
/DIST, 1 ,0.961260,1
/REP,FAST   
/DIST, 1 ,0.961260,1
/REP,FAST   
/DIST, 1 ,0.961260,1
/REP,FAST   
/DIST, 1 ,0.961260,1
/REP,FAST   
/DIST, 1 ,0.961260,1
/REP,FAST   
/DIST, 1 ,0.961260,1
/REP,FAST   
/DIST, 1 ,0.961260,1
/REP,FAST   
/DIST, 1 ,0.961260,1
/REP,FAST   
/DIST, 1 ,0.961260,1
/REP,FAST   
/DIST, 1 ,0.961260,1
/REP,FAST   
/DIST, 1 ,0.961260,1
/REP,FAST   
/DIST, 1 ,0.961260,1
/REP,FAST   
/DIST, 1 ,0.961260,1
/REP,FAST   
/DIST, 1 ,0.961260,1
/REP,FAST   
/DIST, 1 ,0.961260,1
/REP,FAST   
/DIST, 1 ,0.961260,1
/REP,FAST   
/DIST, 1 ,0.961260,1
/REP,FAST   
/DIST, 1 ,0.961260,1
/REP,FAST   
/DIST, 1 ,0.961260,1
/REP,FAST   
/DIST, 1 ,0.961260,1
/REP,FAST   
/DIST, 1 ,0.961260,1
/REP,FAST   
/DIST, 1 ,0.961260,1
/REP,FAST   
/DIST, 1 ,0.961260,1
/REP,FAST   
/DIST, 1 ,0.961260,1
/REP,FAST   
/DIST, 1 ,0.961260,1
/REP,FAST   
/DIST, 1 ,0.961260,1
/REP,FAST   
/FOC,1,-0.15,,,1
/REP,FAST   
/FOC,1,-0.15,,,1
/REP,FAST   
/FOC,1,-0.15,,,1
/REP,FAST   
/FOC,1,,0.15,,1 
/REP,FAST   
/FOC,1,,0.15,,1 
/REP,FAST   
/FOC,1,,0.15,,1 
/REP,FAST   
/DIST, 1 ,0.961260,1
/REP,FAST   
/DIST, 1 ,0.961260,1
/REP,FAST   
/DIST, 1 ,0.961260,1
/REP,FAST   
/DIST, 1 ,0.961260,1
/REP,FAST   
/DIST, 1 ,0.961260,1
/REP,FAST   
/DIST, 1 ,0.961260,1
/REP,FAST   
FLST,2,11,1,ORDE,2  
FITEM,2,1   
FITEM,2,-11 
IC,P51X,ALL, ,0,
/DIST, 1 ,1.040301,1
/REP,FAST   
/DIST, 1 ,1.040301,1
/REP,FAST   
/DIST, 1 ,1.040301,1
/REP,FAST   
/DIST, 1 ,1.040301,1
/REP,FAST   
/DIST, 1 ,1.040301,1
/REP,FAST   
/DIST, 1 ,1.040301,1
/REP,FAST   
/DIST, 1 ,1.040301,1
/REP,FAST   
/DIST, 1 ,1.040301,1
/REP,FAST   
/DIST, 1 ,1.040301,1
/REP,FAST   
/DIST, 1 ,1.040301,1
/REP,FAST   
/DIST, 1 ,1.040301,1
/REP,FAST   
/DIST, 1 ,1.040301,1
/REP,FAST   
/DIST, 1 ,1.040301,1
/REP,FAST   
/DIST, 1 ,1.040301,1
/REP,FAST   
/DIST, 1 ,1.040301,1
/REP,FAST   
/DIST, 1 ,1.040301,1
/REP,FAST   
/DIST, 1 ,1.040301,1
/REP,FAST   
/DIST, 1 ,1.040301,1
/REP,FAST   
/DIST, 1 ,1.040301,1
/REP,FAST   
/DIST, 1 ,1.040301,1
/REP,FAST   
/DIST, 1 ,1.040301,1
/REP,FAST   
/DIST, 1 ,1.040301,1
/REP,FAST   
/DIST, 1 ,1.040301,1
/REP,FAST   
/DIST, 1 ,1.040301,1
/REP,FAST   
/DIST, 1 ,1.040301,1
/REP,FAST   
/DIST, 1 ,1.040301,1
/REP,FAST   
/DIST, 1 ,1.040301,1
/REP,FAST   
/DIST, 1 ,1.040301,1
/REP,FAST   
/DIST, 1 ,1.040301,1
/REP,FAST   
/DIST, 1 ,1.040301,1
/REP,FAST   
/DIST, 1 ,1.040301,1
/REP,FAST   
/DIST, 1 ,1.040301,1
/REP,FAST   
/DIST, 1 ,1.040301,1
/REP,FAST   
/DIST, 1 ,1.040301,1
/REP,FAST   
/DIST, 1 ,1.040301,1
/REP,FAST   
/DIST, 1 ,1.040301,1
/REP,FAST   
/DIST, 1 ,1.040301,1
/REP,FAST   
/DIST, 1 ,1.040301,1
/REP,FAST   
/DIST, 1 ,1.040301,1
/REP,FAST   
/DIST, 1 ,1.040301,1
/REP,FAST   
/DIST, 1 ,1.040301,1
/REP,FAST   
/DIST, 1 ,1.040301,1
/REP,FAST   
/DIST, 1 ,1.040301,1
/REP,FAST   
/DIST, 1 ,1.040301,1
/REP,FAST   
/DIST, 1 ,1.040301,1
/REP,FAST   
/DIST, 1 ,1.040301,1
/REP,FAST   
/DIST, 1 ,1.040301,1
/REP,FAST   
/DIST, 1 ,1.040301,1
/REP,FAST   
/DIST, 1 ,1.040301,1
/REP,FAST   
/DIST, 1 ,1.040301,1
/REP,FAST   
/DIST, 1 ,1.040301,1
/REP,FAST   
/DIST, 1 ,1.040301,1
/REP,FAST   
/DIST, 1 ,1.040301,1
/REP,FAST   
/DIST, 1 ,1.040301,1
/REP,FAST   
/DIST, 1 ,1.040301,1
/REP,FAST   
/DIST, 1 ,1.040301,1
/REP,FAST   
/DIST, 1 ,1.040301,1
/REP,FAST   
/DIST, 1 ,1.040301,1
/REP,FAST   
/DIST, 1 ,1.040301,1
/REP,FAST   
/DIST, 1 ,1.040301,1
/REP,FAST   
/DIST, 1 ,1.040301,1
/REP,FAST   
/DIST, 1 ,1.040301,1
/REP,FAST   
/DIST, 1 ,1.040301,1
/REP,FAST   
/DIST, 1 ,1.040301,1
/REP,FAST   
/DIST, 1 ,1.040301,1
/REP,FAST   
/DIST, 1 ,1.040301,1
/REP,FAST   
/DIST, 1 ,1.040301,1
/REP,FAST   
/DIST, 1 ,1.040301,1
/REP,FAST   
/DIST, 1 ,1.040301,1
/REP,FAST   
/DIST, 1 ,1.040301,1
/REP,FAST   
/STATUS,SOLU
SOLVE   
FINISH  
! /EXIT,MODEL   
