/BATCH  
/COM,ANSYS RELEASE 2023 R1           BUILD 23.1      UP20221128       14:28:19
/input,menust,tmp,''
/GRA,POWER
/GST,ON
/PLO,INFO,3
/GRO,CURL,ON
/CPLANE,1   
/REPLOT,RESIZE  
WPSTYLE,,,,,,,,0
/INPUT,'MatFile','txt','D:\Fall Sem\Tense-apdl\',, 0
/COM,ANSYS RELEASE 2023 R1           BUILD 23.1      UP20221128       14:29:48
/INPUT,'Tower_AR','txt','D:\Fall Sem\Tense-apdl\',, 0   
/COM,ANSYS RELEASE 2023 R1           BUILD 23.1      UP20221128       14:29:58
/REPLOT,RESIZE  
/VIEW,1,,-1 
/ANG,1  
/REP,FAST   
/ANG,1,1,XS,1   
/REP,FAST   
/ANG,1,1,XS,1   
/REP,FAST   
/ANG,1,1,XS,1   
/REP,FAST   
/ANG,1,1,XS,1   
/REP,FAST   
/ANG,1,1,XS,1   
/REP,FAST   
/ANG,1,1,XS,1   
/REP,FAST   
/ANG,1,1,XS,1   
/REP,FAST   
/ANG,1,1,XS,1   
/REP,FAST   
/ANG,1,1,XS,1   
/REP,FAST   
/ANG,1,1,XS,1   
/REP,FAST   
/ANG,1,1,XS,1   
/REP,FAST   
/ANG,1,1,XS,1   
/REP,FAST   
/ANG,1,1,XS,1   
/REP,FAST   
/ANG,1,1,XS,1   
/REP,FAST   
/ANG,1,1,XS,1   
/REP,FAST   
/ANG,1,1,XS,1   
/REP,FAST   
/ANG,1,1,XS,1   
/REP,FAST   
/ANG,1,1,XS,1   
/REP,FAST   
/ANG,1,-1,ZS,1  
/REP,FAST   
/ANG,1,-1,ZS,1  
/REP,FAST   
/ANG,1,1,ZS,1   
/REP,FAST   
/ANG,1,1,ZS,1   
/REP,FAST   
/ANG,1,-1,ZS,1  
/REP,FAST   
/ANG,1,-1,ZS,1  
/REP,FAST   
/ANG,1,1,YS,1   
/REP,FAST   
/ANG,1,1,YS,1   
/REP,FAST   
/ANG,1,1,YS,1   
/REP,FAST   
/ANG,1,1,YS,1   
/REP,FAST   
/ANG,1,1,YS,1   
/REP,FAST   
FINISH  
/POST1  
FINISH  
/SOL
/STATUS,SOLU
SOLVE   
FINISH  
/PREP7  
/DIST, 1 ,0.997369,1
/REP,FAST   
/DIST, 1 ,1.002637,1
/REP,FAST   
/DIST, 1 ,0.997369,1
/REP,FAST   
/DIST, 1 ,0.997369,1
/REP,FAST   
GPLOT   
GPLOT   
/DIST, 1 ,0.997369,1
/REP,FAST   
/DIST, 1 ,0.997369,1
/REP,FAST   
/DIST, 1 ,0.997369,1
/REP,FAST   
/DIST, 1 ,1.002637,1
/REP,FAST   
/DIST, 1 ,1.002637,1
/REP,FAST   
/DIST, 1 ,1.002637,1
/REP,FAST   
/DIST, 1 ,1.002637,1
/REP,FAST   
/DIST, 1 ,0.997369,1
/REP,FAST   
/DIST, 1 ,0.997369,1
/REP,FAST   
/DIST, 1 ,0.997369,1
/REP,FAST   
/DIST, 1 ,1.002637,1
/REP,FAST   
/DIST, 1 ,1.002637,1
/REP,FAST   
/DIST, 1 ,1.002637,1
/REP,FAST   
/DIST, 1 ,0.997369,1
/REP,FAST   
/DIST, 1 ,1.002637,1
/REP,FAST   
/DIST, 1 ,1.002637,1
/REP,FAST   
/DIST, 1 ,1.002637,1
/REP,FAST   
/DIST, 1 ,1.002637,1
/REP,FAST   
/DIST, 1 ,1.002637,1
/REP,FAST   
/DIST, 1 ,1.002637,1
/REP,FAST   
/DIST, 1 ,1.002637,1
/REP,FAST   
/DIST, 1 ,1.002637,1
/REP,FAST   
/DIST, 1 ,1.002637,1
/REP,FAST   
/DIST, 1 ,0.997369,1
/REP,FAST   
/DIST, 1 ,0.997369,1
/REP,FAST   
/DIST, 1 ,0.997369,1
/REP,FAST   
/DIST, 1 ,0.997369,1
/REP,FAST   
/DIST, 1 ,1.002637,1
/REP,FAST   
/DIST, 1 ,1.002637,1
/REP,FAST   
/DIST, 1 ,1.002637,1
/REP,FAST   
/DIST, 1 ,1.002637,1
/REP,FAST   
/INPUT,'Tower_AR','txt','D:\Fall Sem\Tense-apdl\',, 0   
/COM,ANSYS RELEASE 2023 R1           BUILD 23.1      UP20221128       14:35:29
/VIEW,1,,-1 
/ANG,1  
/REP,FAST   
FINISH  
/SOL
FINISH  
/PREP7  
/DIST, 1 ,0.997369,1
/REP,FAST   
/DIST, 1 ,0.997369,1
/REP,FAST   
/DIST, 1 ,0.997369,1
/REP,FAST   
/DIST, 1 ,0.997369,1
/REP,FAST   
/DIST, 1 ,0.997369,1
/REP,FAST   
/DIST, 1 ,0.997369,1
/REP,FAST   
/DIST, 1 ,0.997369,1
/REP,FAST   
/DIST, 1 ,0.997369,1
/REP,FAST   
/DIST, 1 ,0.997369,1
/REP,FAST   
/DIST, 1 ,1.002637,1
/REP,FAST   
/DIST, 1 ,1.002637,1
/REP,FAST   
/DIST, 1 ,1.002637,1
/REP,FAST   
/DIST, 1 ,1.002637,1
/REP,FAST   
/DIST, 1 ,1.002637,1
/REP,FAST   
/DIST, 1 ,1.002637,1
/REP,FAST   
/DIST, 1 ,1.002637,1
/REP,FAST   
/DIST, 1 ,1.002637,1
/REP,FAST   
/DIST, 1 ,1.002637,1
/REP,FAST   
/DIST, 1 ,1.002637,1
/REP,FAST   
/DIST, 1 ,1.002637,1
/REP,FAST   
/DIST, 1 ,1.002637,1
/REP,FAST   
/DIST, 1 ,1.002637,1
/REP,FAST   
/DIST, 1 ,1.002637,1
/REP,FAST   
/DIST, 1 ,1.002637,1
/REP,FAST   
/DIST, 1 ,1.002637,1
/REP,FAST   
/DIST, 1 ,1.002637,1
/REP,FAST   
/DIST, 1 ,1.002637,1
/REP,FAST   
/DIST, 1 ,1.002637,1
/REP,FAST   
/DIST, 1 ,1.002637,1
/REP,FAST   
/DIST, 1 ,1.002637,1
/REP,FAST   
/DIST, 1 ,1.002637,1
/REP,FAST   
/DIST, 1 ,1.002637,1
/REP,FAST   
/DIST, 1 ,1.002637,1
/REP,FAST   
/DIST, 1 ,1.002637,1
/REP,FAST   
/DIST, 1 ,1.002637,1
/REP,FAST   
/DIST, 1 ,1.002637,1
/REP,FAST   
/DIST, 1 ,1.002637,1
/REP,FAST   
/DIST, 1 ,1.002637,1
/REP,FAST   
/DIST, 1 ,1.002637,1
/REP,FAST   
/ANG,1,-1,YS,1  
/REP,FAST   
/ANG,1,-1,ZS,1  
/REP,FAST   
/ANG,1,1,ZS,1   
/REP,FAST   
/ANG,1,-1,XS,1  
/REP,FAST   
/ANG,1,-1,XS,1  
/REP,FAST   
/ANG,1,-1,XS,1  
/REP,FAST   
/ANG,1,-1,XS,1  
/REP,FAST   
/ANG,1,-1,XS,1  
/REP,FAST   
/ANG,1,-1,XS,1  
/REP,FAST   
/ANG,1,-1,XS,1  
/REP,FAST   
/ANG,1,-1,XS,1  
/REP,FAST   
/ANG,1,-1,XS,1  
/REP,FAST   
/ANG,1,-1,XS,1  
/REP,FAST   
/ANG,1,-1,XS,1  
/REP,FAST   
/ANG,1,-1,XS,1  
/REP,FAST   
/ANG,1,-1,XS,1  
/REP,FAST   
/ANG,1,-1,XS,1  
/REP,FAST   
/ANG,1,-1,XS,1  
/REP,FAST   
/ANG,1,-1,XS,1  
/REP,FAST   
/ANG,1,-1,XS,1  
/REP,FAST   
/ANG,1,-1,XS,1  
/REP,FAST   
/ANG,1,-1,XS,1  
/REP,FAST   
/ANG,1,1,ZS,1   
/REP,FAST   
/ANG,1,-1,ZS,1  
/REP,FAST   
/ANG,1,1,XS,1   
/REP,FAST   
/ANG,1,1,XS,1   
/REP,FAST   
/ANG,1,-1,XS,1  
/REP,FAST   
/ANG,1,-1,YS,1  
/REP,FAST   
/ANG,1,-1,YS,1  
/REP,FAST   
/ANG,1,-1,YS,1  
/REP,FAST   
/ANG,1,-1,YS,1  
/REP,FAST   
/ANG,1,-1,YS,1  
/REP,FAST   
/ANG,1,-1,YS,1  
/REP,FAST   
/ANG,1,-1,YS,1  
/REP,FAST   
/ANG,1,-1,YS,1  
/REP,FAST   
/ANG,1,-1,YS,1  
/REP,FAST   
CM,_Y,LINE  
LSEL, , , ,       1 
CM,_Y1,LINE 
CMSEL,S,_Y  
!*  
!*  
CMSEL,S,_Y1 
LATT,1, ,1, , , ,1  
CMSEL,S,_Y  
CMDELE,_Y   
CMDELE,_Y1  
!*  
CM,_Y,LINE  
LSEL, , , ,       2 
CM,_Y1,LINE 
CMSEL,S,_Y  
!*  
!*  
CMSEL,S,_Y1 
LATT,1, ,1, , , ,2  
CMSEL,S,_Y  
CMDELE,_Y   
CMDELE,_Y1  
!*  
CM,_Y,LINE  
LSEL, , , ,       3 
CM,_Y1,LINE 
CMSEL,S,_Y  
!*  
!*  
CMSEL,S,_Y1 
LATT,1, ,1, , , ,3  
CMSEL,S,_Y  
CMDELE,_Y   
CMDELE,_Y1  
!*  
CM,_Y,LINE  
LSEL, , , ,       7 
CM,_Y1,LINE 
CMSEL,S,_Y  
!*  
!*  
CMSEL,S,_Y1 
LATT,1, ,1, , , ,7  
CMSEL,S,_Y  
CMDELE,_Y   
CMDELE,_Y1  
!*  
FLST,5,2,4,ORDE,2   
FITEM,5,8   
FITEM,5,-9  
CM,_Y,LINE  
LSEL, , , ,P51X 
CM,_Y1,LINE 
CMSEL,S,_Y  
!*  
!*  
CMSEL,S,_Y1 
LATT,2, ,1, , , ,7  
CMSEL,S,_Y  
CMDELE,_Y   
CMDELE,_Y1  
!*  
CM,_Y,LINE  
LSEL, , , ,       7 
CM,_Y1,LINE 
CMSEL,S,_Y  
!*  
!*  
CMSEL,S,_Y1 
LATT,2, ,1, , , ,7  
CMSEL,S,_Y  
CMDELE,_Y   
CMDELE,_Y1  
!*  
FLST,5,3,4,ORDE,2   
FITEM,5,4   
FITEM,5,-6  
CM,_Y,LINE  
LSEL, , , ,P51X 
CM,_Y1,LINE 
CMSEL,S,_Y  
!*  
!*  
CMSEL,S,_Y1 
LATT,2, ,1, , , ,5  
CMSEL,S,_Y  
CMDELE,_Y   
CMDELE,_Y1  
!*  
FLST,5,9,4,ORDE,2   
FITEM,5,1   
FITEM,5,-9  
CM,_Y,LINE  
LSEL, , , ,P51X 
CM,_Y1,LINE 
CMSEL,,_Y   
!*  
LESIZE,_Y1, , ,5, , , , ,1  
!*  
FLST,2,9,4,ORDE,2   
FITEM,2,1   
FITEM,2,-9  
LMESH,P51X  
/DIST, 1 ,0.997369,1
/REP,FAST   
/DIST, 1 ,0.997369,1
/REP,FAST   
/DIST, 1 ,1.002637,1
/REP,FAST   
/UI,MESH,OFF
FINISH  
/SOL
/STATUS,SOLU
SOLVE   
!*  
/SHRINK,0   
/ESHAPE,1.0 
/EFACET,1   
/RATIO,1,1,1
/CFORMAT,32,0   
/REPLOT 
!*  
!*  
/SHRINK,0   
/ESHAPE,1   
/EFACET,1   
/RATIO,1,1,1
/CFORMAT,32,0   
/REPLOT 
!*  
FINISH  
/POST1  
/SHOW,WIN32C
SET,FIRST   
/PLOPTS,INFO,3  
/CONTOUR,ALL,18 
/PNUM,MAT,1 
/NUMBER,1   
/REPLOT,RESIZE  
PLNSOL,S,EQV
SET,,,,,,,15
PLNSOL,S,EQV
SET,,,,,,,9 
PLNSOL,S,EQV
SET,,,,,,,8 
PLNSOL,S,EQV
SET,,,,,,,7 
PLNSOL,S,EQV
SET,,,,,,,6 
PLNSOL,S,EQV
SET,,,,,,,5 
PLNSOL,S,EQV
SET,,,,,,,4 
PLNSOL,S,EQV
PLNSOL,S,EQV
PLNSOL,S,EQV
SET,,,,,,,3 
PLNSOL,S,EQV
SET,,,,,,,2 
PLNSOL,S,EQV
PLNSOL,S,EQV
SET,,,,,,,1 
PLNSOL,S,EQV
SET,,,,,,,2 
PLNSOL,S,EQV
SET,,,,,,,1 
PLNSOL,S,EQV
PLDISP,0
!*  
ANDSCL,10,0.5   
/DIST, 1 ,0.997369,1
/REP,FAST   
/DIST, 1 ,1.002637,1
/REP,FAST   
! /UIS,ABORT,1  
/SHOW,WIN32 
/REPLOT,RESIZE  
/DIST, 1 ,0.997369,1
/REP,FAST   
/DIST, 1 ,0.997369,1
/REP,FAST   
/DIST, 1 ,0.997369,1
/REP,FAST   
/DIST, 1 ,0.997369,1
/REP,FAST   
/DIST, 1 ,0.997369,1
/REP,FAST   
/DIST, 1 ,1.002637,1
/REP,FAST   
/DIST, 1 ,1.002637,1
/REP,FAST   
/DIST, 1 ,1.002637,1
/REP,FAST   
/DIST, 1 ,1.002637,1
/REP,FAST   
/DIST, 1 ,1.002637,1
/REP,FAST   
/DIST, 1 ,1.002637,1
/REP,FAST   
/DIST, 1 ,1.002637,1
/REP,FAST   
/DIST, 1 ,1.002637,1
/REP,FAST   
/DIST, 1 ,1.002637,1
/REP,FAST   
/DIST, 1 ,1.002637,1
/REP,FAST   
/DIST, 1 ,1.002637,1
/REP,FAST   
PLDISP,1
PLDISP,1
/VIEW,1,,-1 
/ANG,1  
/REP,FAST   
SAVE
SAVE,'multielements','db','D:\Fall Sem\Tense-apdl\mat-import -apdl_files\dp0\APDL-4\ANSYS\' 
FINISH  
FINISH  
FINISH  
FINISH  
FINISH  
FINISH  
FINISH  
SAVE
FINISH  
! /EXIT,ALL 
